<?xml version="1.0" encoding="UTF-8"?>
<testsuite xmlns:xsi="http://www.w3.org/2001/XMLSchema-instance" xsi:noNamespaceSchemaLocation="https://maven.apache.org/surefire/maven-surefire-plugin/xsd/surefire-test-report-3.0.xsd" version="3.0" name="dev.allstak.AllStakClientIntegrationTest" time="1.272" tests="16" errors="0" skipped="0" failures="0">
  <properties>
[...]
</properties>
  <testcase name="captureHttpRequest_bufferedAndFlushedInBatch" classname="dev.allstak.AllStakClientIntegrationTest" time="0.557">
    <system-out><![CDATA[18:22:31.400 [main] INFO dev.allstak.sdk -- [AllStak SDK DEBUG] Flush worker started for 'logs' with 500ms interval
18:22:31.400 [main] INFO dev.allstak.sdk -- [AllStak SDK DEBUG] Flush worker started for 'http-requests' with 500ms interval
18:22:31.400 [main] INFO dev.allstak.sdk -- [AllStak SDK DEBUG] Flush worker started for 'db-queries' with 500ms interval
18:22:31.400 [main] INFO dev.allstak.sdk -- [AllStak SDK DEBUG] AllStak SDK initialized — host=https://api.allstak.sa, env=test, release=v0.0.1-test
18:22:31.901 [allstak-flush-http-requests] INFO dev.allstak.sdk -- [AllStak SDK DEBUG] Flushing 1 http-requests item(s)
18:22:31.903 [allstak-flush-http-requests] INFO dev.allstak.sdk -- [AllStak SDK DEBUG] Sending to http://localhost:55115/ingest/v1/http-requests: {"requests":[{"traceId":"t-001","direction":"inbound","method":"GET","host":"api.test.com","path":"/v1/users","statusCode":200,"durationMs":42,"requestSize":0,"responseSize":1024,"timestamp":"2026-04-01T10:00:00Z"}]}
18:22:31.906 [allstak-flush-http-requests] INFO dev.allstak.sdk -- [AllStak SDK DEBUG] Response from http://localhost:55115/ingest/v1/http-requests: 202 {"success":true,"data":{"id":"test"}}
18:22:31.954 [main] INFO dev.allstak.sdk -- [AllStak SDK DEBUG] AllStak SDK shutting down...
18:22:31.954 [main] INFO dev.allstak.sdk -- [AllStak SDK DEBUG] Flush worker 'logs' shut down
18:22:31.954 [main] INFO dev.allstak.sdk -- [AllStak SDK DEBUG] Flush worker 'http-requests' shut down
18:22:31.954 [main] INFO dev.allstak.sdk -- [AllStak SDK DEBUG] Flush worker 'db-queries' shut down
18:22:31.954 [main] INFO dev.allstak.sdk -- [AllStak SDK DEBUG] AllStak SDK shut down complete
]]></system-out>
  </testcase>
  <testcase name="captureLog_sensitiveMetadataMasked" classname="dev.allstak.AllStakClientIntegrationTest" time="0.008">
    <system-out><![CDATA[18:22:31.956 [main] INFO dev.allstak.sdk -- [AllStak SDK DEBUG] Flush worker started for 'logs' with 500ms interval
18:22:31.956 [main] INFO dev.allstak.sdk -- [AllStak SDK DEBUG] Flush worker started for 'http-requests' with 500ms interval
18:22:31.956 [main] INFO dev.allstak.sdk -- [AllStak SDK DEBUG] Flush worker started for 'db-queries' with 500ms interval
18:22:31.956 [main] INFO dev.allstak.sdk -- [AllStak SDK DEBUG] AllStak SDK initialized — host=https://api.allstak.sa, env=test, release=v0.0.1-test
18:22:31.956 [main] INFO dev.allstak.sdk -- [AllStak SDK DEBUG] Flushing 1 logs item(s)
18:22:31.957 [main] INFO dev.allstak.sdk -- [AllStak SDK DEBUG] Sending to http://localhost:55115/ingest/v1/logs: {"level":"info","message":"test","service":"test-service","environment":"test","metadata":{"data":"ok","secret":"[MASKED]"},"release":"v0.0.1-test"}
18:22:31.961 [main] INFO dev.allstak.sdk -- [AllStak SDK DEBUG] Response from http://localhost:55115/ingest/v1/logs: 202 {"success":true,"data":{"id":"test"}}
18:22:31.962 [main] INFO dev.allstak.sdk -- [AllStak SDK DEBUG] AllStak SDK shutting down...
18:22:31.962 [main] INFO dev.allstak.sdk -- [AllStak SDK DEBUG] Flush worker 'logs' shut down
18:22:31.962 [main] INFO dev.allstak.sdk -- [AllStak SDK DEBUG] Flush worker 'http-requests' shut down
18:22:31.963 [main] INFO dev.allstak.sdk -- [AllStak SDK DEBUG] Flush worker 'db-queries' shut down
18:22:31.963 [main] INFO dev.allstak.sdk -- [AllStak SDK DEBUG] AllStak SDK shut down complete
]]></system-out>
  </testcase>
  <testcase name="shutdown_drainsBuffers" classname="dev.allstak.AllStakClientIntegrationTest" time="0.006">
    <system-out><![CDATA[18:22:31.964 [main] INFO dev.allstak.sdk -- [AllStak SDK DEBUG] Flush worker started for 'logs' with 500ms interval
18:22:31.964 [main] INFO dev.allstak.sdk -- [AllStak SDK DEBUG] Flush worker started for 'http-requests' with 500ms interval
18:22:31.964 [main] INFO dev.allstak.sdk -- [AllStak SDK DEBUG] Flush worker started for 'db-queries' with 500ms interval
18:22:31.965 [main] INFO dev.allstak.sdk -- [AllStak SDK DEBUG] AllStak SDK initialized — host=https://api.allstak.sa, env=test, release=v0.0.1-test
18:22:31.965 [main] INFO dev.allstak.sdk -- [AllStak SDK DEBUG] AllStak SDK shutting down...
18:22:31.965 [main] INFO dev.allstak.sdk -- [AllStak SDK DEBUG] Flushing 1 logs item(s)
18:22:31.966 [main] INFO dev.allstak.sdk -- [AllStak SDK DEBUG] Sending to http://localhost:55115/ingest/v1/logs: {"level":"info","message":"pre-shutdown log","service":"test-service","environment":"test","release":"v0.0.1-test"}
18:22:31.968 [main] INFO dev.allstak.sdk -- [AllStak SDK DEBUG] Response from http://localhost:55115/ingest/v1/logs: 202 {"success":true,"data":{"id":"test"}}
18:22:31.968 [main] INFO dev.allstak.sdk -- [AllStak SDK DEBUG] Flush worker 'logs' shut down
18:22:31.968 [main] INFO dev.allstak.sdk -- [AllStak SDK DEBUG] Flush worker 'http-requests' shut down
18:22:31.968 [main] INFO dev.allstak.sdk -- [AllStak SDK DEBUG] Flush worker 'db-queries' shut down
18:22:31.968 [main] INFO dev.allstak.sdk -- [AllStak SDK DEBUG] AllStak SDK shut down complete
]]></system-out>
  </testcase>
  <testcase name="captureHttpRequest_queryParamsStripped" classname="dev.allstak.AllStakClientIntegrationTest" time="0.008">
    <system-out><![CDATA[18:22:31.970 [main] INFO dev.allstak.sdk -- [AllStak SDK DEBUG] Flush worker started for 'logs' with 500ms interval
18:22:31.971 [main] INFO dev.allstak.sdk -- [AllStak SDK DEBUG] Flush worker started for 'http-requests' with 500ms interval
18:22:31.971 [main] INFO dev.allstak.sdk -- [AllStak SDK DEBUG] Flush worker started for 'db-queries' with 500ms interval
18:22:31.971 [main] INFO dev.allstak.sdk -- [AllStak SDK DEBUG] AllStak SDK initialized — host=https://api.allstak.sa, env=test, release=v0.0.1-test
18:22:31.971 [main] INFO dev.allstak.sdk -- [AllStak SDK DEBUG] Flushing 1 http-requests item(s)
18:22:31.972 [main] INFO dev.allstak.sdk -- [AllStak SDK DEBUG] Sending to http://localhost:55115/ingest/v1/http-requests: {"requests":[{"traceId":"t-002","direction":"outbound","method":"GET","host":"api.test.com","path":"/v1/search","statusCode":200,"durationMs":100,"requestSize":0,"responseSize":512,"timestamp":"2026-04-01T10:00:00Z"}]}
18:22:31.976 [main] INFO dev.allstak.sdk -- [AllStak SDK DEBUG] Response from http://localhost:55115/ingest/v1/http-requests: 202 {"success":true,"data":{"id":"test"}}
18:22:31.976 [main] INFO dev.allstak.sdk -- [AllStak SDK DEBUG] AllStak SDK shutting down...
18:22:31.976 [main] INFO dev.allstak.sdk -- [AllStak SDK DEBUG] Flush worker 'logs' shut down
18:22:31.976 [main] INFO dev.allstak.sdk -- [AllStak SDK DEBUG] Flush worker 'http-requests' shut down
18:22:31.976 [main] INFO dev.allstak.sdk -- [AllStak SDK DEBUG] Flush worker 'db-queries' shut down
18:22:31.977 [main] INFO dev.allstak.sdk -- [AllStak SDK DEBUG] AllStak SDK shut down complete
]]></system-out>
  </testcase>
  <testcase name="captureLog_invalidLevelDropped" classname="dev.allstak.AllStakClientIntegrationTest" time="0.004">
    <system-out><![CDATA[18:22:31.980 [main] INFO dev.allstak.sdk -- [AllStak SDK DEBUG] Flush worker started for 'logs' with 500ms interval
18:22:31.980 [main] INFO dev.allstak.sdk -- [AllStak SDK DEBUG] Flush worker started for 'http-requests' with 500ms interval
18:22:31.980 [main] INFO dev.allstak.sdk -- [AllStak SDK DEBUG] Flush worker started for 'db-queries' with 500ms interval
18:22:31.980 [main] INFO dev.allstak.sdk -- [AllStak SDK DEBUG] AllStak SDK initialized — host=https://api.allstak.sa, env=test, release=v0.0.1-test
18:22:31.980 [main] INFO dev.allstak.sdk -- [AllStak SDK DEBUG] Invalid log level 'invalid_level' — dropping log
18:22:31.981 [main] INFO dev.allstak.sdk -- [AllStak SDK DEBUG] AllStak SDK shutting down...
18:22:31.981 [main] INFO dev.allstak.sdk -- [AllStak SDK DEBUG] Flush worker 'logs' shut down
18:22:31.981 [main] INFO dev.allstak.sdk -- [AllStak SDK DEBUG] Flush worker 'http-requests' shut down
18:22:31.981 [main] INFO dev.allstak.sdk -- [AllStak SDK DEBUG] Flush worker 'db-queries' shut down
18:22:31.981 [main] INFO dev.allstak.sdk -- [AllStak SDK DEBUG] AllStak SDK shut down complete
]]></system-out>
  </testcase>
  <testcase name="captureLog_bufferedAndFlushed" classname="dev.allstak.AllStakClientIntegrationTest" time="0.523">
    <system-out><![CDATA[18:22:31.984 [main] INFO dev.allstak.sdk -- [AllStak SDK DEBUG] Flush worker started for 'logs' with 500ms interval
18:22:31.984 [main] INFO dev.allstak.sdk -- [AllStak SDK DEBUG] Flush worker started for 'http-requests' with 500ms interval
18:22:31.984 [main] INFO dev.allstak.sdk -- [AllStak SDK DEBUG] Flush worker started for 'db-queries' with 500ms interval
18:22:31.984 [main] INFO dev.allstak.sdk -- [AllStak SDK DEBUG] AllStak SDK initialized — host=https://api.allstak.sa, env=test, release=v0.0.1-test
18:22:32.484 [allstak-flush-logs] INFO dev.allstak.sdk -- [AllStak SDK DEBUG] Flushing 1 logs item(s)
18:22:32.492 [allstak-flush-logs] INFO dev.allstak.sdk -- [AllStak SDK DEBUG] Sending to http://localhost:55115/ingest/v1/logs: {"level":"info","message":"Test log message","service":"test-service","environment":"test","metadata":{"key":"[MASKED]"},"release":"v0.0.1-test"}
18:22:32.502 [allstak-flush-logs] INFO dev.allstak.sdk -- [AllStak SDK DEBUG] Response from http://localhost:55115/ingest/v1/logs: 202 {"success":true,"data":{"id":"test"}}
18:22:32.504 [main] INFO dev.allstak.sdk -- [AllStak SDK DEBUG] AllStak SDK shutting down...
18:22:32.504 [main] INFO dev.allstak.sdk -- [AllStak SDK DEBUG] Flush worker 'logs' shut down
18:22:32.504 [main] INFO dev.allstak.sdk -- [AllStak SDK DEBUG] Flush worker 'http-requests' shut down
18:22:32.504 [main] INFO dev.allstak.sdk -- [AllStak SDK DEBUG] Flush worker 'db-queries' shut down
18:22:32.504 [main] INFO dev.allstak.sdk -- [AllStak SDK DEBUG] AllStak SDK shut down complete
]]></system-out>
  </testcase>
  <testcase name="flush_sendsBufferedItems" classname="dev.allstak.AllStakClientIntegrationTest" time="0.025">
    <system-out><![CDATA[18:22:32.507 [main] INFO dev.allstak.sdk -- [AllStak SDK DEBUG] Flush worker started for 'logs' with 500ms interval
18:22:32.507 [main] INFO dev.allstak.sdk -- [AllStak SDK DEBUG] Flush worker started for 'http-requests' with 500ms interval
18:22:32.508 [main] INFO dev.allstak.sdk -- [AllStak SDK DEBUG] Flush worker started for 'db-queries' with 500ms interval
18:22:32.508 [main] INFO dev.allstak.sdk -- [AllStak SDK DEBUG] AllStak SDK initialized — host=https://api.allstak.sa, env=test, release=v0.0.1-test
18:22:32.508 [main] INFO dev.allstak.sdk -- [AllStak SDK DEBUG] Flushing 3 logs item(s)
18:22:32.509 [main] INFO dev.allstak.sdk -- [AllStak SDK DEBUG] Sending to http://localhost:55115/ingest/v1/logs: {"level":"info","message":"log1","service":"test-service","environment":"test","release":"v0.0.1-test"}
18:22:32.515 [main] INFO dev.allstak.sdk -- [AllStak SDK DEBUG] Response from http://localhost:55115/ingest/v1/logs: 202 {"success":true,"data":{"id":"test"}}
18:22:32.517 [main] INFO dev.allstak.sdk -- [AllStak SDK DEBUG] Sending to http://localhost:55115/ingest/v1/logs: {"level":"warn","message":"log2","service":"test-service","environment":"test","release":"v0.0.1-test"}
18:22:32.523 [main] INFO dev.allstak.sdk -- [AllStak SDK DEBUG] Response from http://localhost:55115/ingest/v1/logs: 202 {"success":true,"data":{"id":"test"}}
18:22:32.523 [main] INFO dev.allstak.sdk -- [AllStak SDK DEBUG] Sending to http://localhost:55115/ingest/v1/logs: {"level":"error","message":"log3","service":"test-service","environment":"test","release":"v0.0.1-test"}
18:22:32.529 [main] INFO dev.allstak.sdk -- [AllStak SDK DEBUG] Response from http://localhost:55115/ingest/v1/logs: 202 {"success":true,"data":{"id":"test"}}
18:22:32.529 [main] INFO dev.allstak.sdk -- [AllStak SDK DEBUG] AllStak SDK shutting down...
18:22:32.529 [main] INFO dev.allstak.sdk -- [AllStak SDK DEBUG] Flush worker 'logs' shut down
18:22:32.529 [main] INFO dev.allstak.sdk -- [AllStak SDK DEBUG] Flush worker 'http-requests' shut down
18:22:32.530 [main] INFO dev.allstak.sdk -- [AllStak SDK DEBUG] Flush worker 'db-queries' shut down
18:22:32.530 [main] INFO dev.allstak.sdk -- [AllStak SDK DEBUG] AllStak SDK shut down complete
]]></system-out>
  </testcase>
  <testcase name="captureException_withMetadataAndUserContext" classname="dev.allstak.AllStakClientIntegrationTest" time="0.01">
    <system-out><![CDATA[18:22:32.531 [main] INFO dev.allstak.sdk -- [AllStak SDK DEBUG] Flush worker started for 'logs' with 500ms interval
18:22:32.531 [main] INFO dev.allstak.sdk -- [AllStak SDK DEBUG] Flush worker started for 'http-requests' with 500ms interval
18:22:32.531 [main] INFO dev.allstak.sdk -- [AllStak SDK DEBUG] Flush worker started for 'db-queries' with 500ms interval
18:22:32.531 [main] INFO dev.allstak.sdk -- [AllStak SDK DEBUG] AllStak SDK initialized — host=https://api.allstak.sa, env=test, release=v0.0.1-test
18:22:32.534 [main] INFO dev.allstak.sdk -- [AllStak SDK DEBUG] Sending to http://localhost:55115/ingest/v1/errors: {"exceptionClass":"java.lang.IllegalStateException","message":"Bad state","stackTrace":["java.lang.IllegalStateException: Bad state","at dev.allstak.AllStakClientIntegrationTest.captureException_withMetadataAndUserContext(AllStakClientIntegrationTest.java:88)","at jdk.internal.reflect.DirectMethodHandleAccessor.invoke(DirectMethodHandleAccessor.java:104)","at java.lang.reflect.Method.invoke(Method.java:565)","at org.junit.platform.commons.util.ReflectionUtils.invokeMethod(ReflectionUtils.java:728)","at org.junit.jupiter.engine.execution.MethodInvocation.proceed(MethodInvocation.java:60)","at org.junit.jupiter.engine.execution.InvocationInterceptorChain$ValidatingInvocation.proceed(InvocationInterceptorChain.java:131)","at org.junit.jupiter.engine.extension.TimeoutExtension.intercept(TimeoutExtension.java:156)","at org.junit.jupiter.engine.extension.TimeoutExtension.interceptTestableMethod(TimeoutExtension.java:147)","at org.junit.jupiter.engine.extension.TimeoutExtension.interceptTestMethod(TimeoutExtension.java:86)","at org.junit.jupiter.engine.execution.InterceptingExecutableInvoker$ReflectiveInterceptorCall.lambda$ofVoidMethod$0(InterceptingExecutableInvoker.java:103)","at org.junit.jupiter.engine.execution.InterceptingExecutableInvoker.lambda$invoke$0(InterceptingExecutableInvoker.java:93)","at org.junit.jupiter.engine.execution.InvocationInterceptorChain$InterceptedInvocation.proceed(InvocationInterceptorChain.java:106)","at org.junit.jupiter.engine.execution.InvocationInterceptorChain.proceed(InvocationInterceptorChain.java:64)","at org.junit.jupiter.engine.execution.InvocationInterceptorChain.chainAndInvoke(InvocationInterceptorChain.java:45)","at org.junit.jupiter.engine.execution.InvocationInterceptorChain.invoke(InvocationInterceptorChain.java:37)","at org.junit.jupiter.engine.execution.InterceptingExecutableInvoker.invoke(InterceptingExecutableInvoker.java:92)","at org.junit.jupiter.engine.execution.InterceptingExecutableInvoker.invoke(InterceptingExecutableInvoker.java:86)","at org.junit.jupiter.engine.descriptor.TestMethodTestDescriptor.lambda$invokeTestMethod$7(TestMethodTestDescriptor.java:218)","at org.junit.platform.engine.support.hierarchical.ThrowableCollector.execute(ThrowableCollector.java:73)","at org.junit.jupiter.engine.descriptor.TestMethodTestDescriptor.invokeTestMethod(TestMethodTestDescriptor.java:214)","at org.junit.jupiter.engine.descriptor.TestMethodTestDescriptor.execute(TestMethodTestDescriptor.java:139)","at org.junit.jupiter.engine.descriptor.TestMethodTestDescriptor.execute(TestMethodTestDescriptor.java:69)","at org.junit.platform.engine.support.hierarchical.NodeTestTask.lambda$executeRecursively$6(NodeTestTask.java:151)","at org.junit.platform.engine.support.hierarchical.ThrowableCollector.execute(ThrowableCollector.java:73)","at org.junit.platform.engine.support.hierarchical.NodeTestTask.lambda$executeRecursively$8(NodeTestTask.java:141)","at org.junit.platform.engine.support.hierarchical.Node.around(Node.java:137)","at org.junit.platform.engine.support.hierarchical.NodeTestTask.lambda$executeRecursively$9(NodeTestTask.java:139)","at org.junit.platform.engine.support.hierarchical.ThrowableCollector.execute(ThrowableCollector.java:73)","at org.junit.platform.engine.support.hierarchical.NodeTestTask.executeRecursively(NodeTestTask.java:138)","at org.junit.platform.engine.support.hierarchical.NodeTestTask.execute(NodeTestTask.java:95)","at java.util.ArrayList.forEach(ArrayList.java:1604)","at org.junit.platform.engine.support.hierarchical.SameThreadHierarchicalTestExecutorService.invokeAll(SameThreadHierarchicalTestExecutorService.java:41)","at org.junit.platform.engine.support.hierarchical.NodeTestTask.lambda$executeRecursively$6(NodeTestTask.java:155)","at org.junit.platform.engine.support.hierarchical.ThrowableCollector.execute(ThrowableCollector.java:73)","at org.junit.platform.engine.support.hierarchical.NodeTestTask.lambda$executeRecursively$8(NodeTestTask.java:141)","at org.junit.platform.engine.support.hierarchical.Node.around(Node.java:137)","at org.junit.platform.engine.support.hierarchical.NodeTestTask.lambda$executeRecursively$9(NodeTestTask.java:139)","at org.junit.platform.engine.support.hierarchical.ThrowableCollector.execute(ThrowableCollector.java:73)","at org.junit.platform.engine.support.hierarchical.NodeTestTask.executeRecursively(NodeTestTask.java:138)","at org.junit.platform.engine.support.hierarchical.NodeTestTask.execute(NodeTestTask.java:95)","at java.util.ArrayList.forEach(ArrayList.java:1604)","at org.junit.platform.engine.support.hierarchical.SameThreadHierarchicalTestExecutorService.invokeAll(SameThreadHierarchicalTestExecutorService.java:41)","at org.junit.platform.engine.support.hierarchical.NodeTestTask.lambda$executeRecursively$6(NodeTestTask.java:155)","at org.junit.platform.engine.support.hierarchical.ThrowableCollector.execute(ThrowableCollector.java:73)","at org.junit.platform.engine.support.hierarchical.NodeTestTask.lambda$executeRecursively$8(NodeTestTask.java:141)","at org.junit.platform.engine.support.hierarchical.Node.around(Node.java:137)","at org.junit.platform.engine.support.hierarchical.NodeTestTask.lambda$executeRecursively$9(NodeTestTask.java:139)","at org.junit.platform.engine.support.hierarchical.ThrowableCollector.execute(ThrowableCollector.java:73)","at org.junit.platform.engine.support.hierarchical.NodeTestTask.executeRecursively(NodeTestTask.java:138)","at org.junit.platform.engine.support.hierarchical.NodeTestTask.execute(NodeTestTask.java:95)","at org.junit.platform.engine.support.hierarchical.SameThreadHierarchicalTestExecutorService.submit(SameThreadHierarchicalTestExecutorService.java:35)","at org.junit.platform.engine.support.hierarchical.HierarchicalTestExecutor.execute(HierarchicalTestExecutor.java:57)","at org.junit.platform.engine.support.hierarchical.HierarchicalTestEngine.execute(HierarchicalTestEngine.java:54)","at org.junit.platform.launcher.core.EngineExecutionOrchestrator.execute(EngineExecutionOrchestrator.java:198)","at org.junit.platform.launcher.core.EngineExecutionOrchestrator.execute(EngineExecutionOrchestrator.java:169)","at org.junit.platform.launcher.core.EngineExecutionOrchestrator.execute(EngineExecutionOrchestrator.java:93)","at org.junit.platform.launcher.core.EngineExecutionOrchestrator.lambda$execute$0(EngineExecutionOrchestrator.java:58)","at org.junit.platform.launcher.core.EngineExecutionOrchestrator.withInterceptedStreams(EngineExecutionOrchestrator.java:141)","at org.junit.platform.launcher.core.EngineExecutionOrchestrator.execute(EngineExecutionOrchestrator.java:57)","at org.junit.platform.launcher.core.DefaultLauncher.execute(DefaultLauncher.java:103)","at org.junit.platform.launcher.core.DefaultLauncher.execute(DefaultLauncher.java:85)","at org.junit.platform.launcher.core.DelegatingLauncher.execute(DelegatingLauncher.java:47)","at org.apache.maven.surefire.junitplatform.LazyLauncher.execute(LazyLauncher.java:56)","at org.apache.maven.surefire.junitplatform.JUnitPlatformProvider.execute(JUnitPlatformProvider.java:184)","at org.apache.maven.surefire.junitplatform.JUnitPlatformProvider.invokeAllTests(JUnitPlatformProvider.java:148)","at org.apache.maven.surefire.junitplatform.JUnitPlatformProvider.invoke(JUnitPlatformProvider.java:122)","at org.apache.maven.surefire.booter.ForkedBooter.runSuitesInProcess(ForkedBooter.java:385)","at org.apache.maven.surefire.booter.ForkedBooter.execute(ForkedBooter.java:162)","at org.apache.maven.surefire.booter.ForkedBooter.run(ForkedBooter.java:507)","at org.apache.maven.surefire.booter.ForkedBooter.main(ForkedBooter.java:495)"],"level":"error","environment":"test","release":"v0.0.1-test","user":{"id":"user-42","email":"user@test.com","ip":"192.168.1.1"},"metadata":{"orderId":"ORD-99","component":"OrderProcessor"}}
18:22:32.539 [main] INFO dev.allstak.sdk -- [AllStak SDK DEBUG] Response from http://localhost:55115/ingest/v1/errors: 202 {"success":true,"data":{"id":"test"}}
18:22:32.539 [main] INFO dev.allstak.sdk -- [AllStak SDK DEBUG] AllStak SDK shutting down...
18:22:32.539 [main] INFO dev.allstak.sdk -- [AllStak SDK DEBUG] Flush worker 'logs' shut down
18:22:32.539 [main] INFO dev.allstak.sdk -- [AllStak SDK DEBUG] Flush worker 'http-requests' shut down
18:22:32.540 [main] INFO dev.allstak.sdk -- [AllStak SDK DEBUG] Flush worker 'db-queries' shut down
18:22:32.540 [main] INFO dev.allstak.sdk -- [AllStak SDK DEBUG] AllStak SDK shut down complete
]]></system-out>
  </testcase>
  <testcase name="cronJobMonitoring_failedFlow" classname="dev.allstak.AllStakClientIntegrationTest" time="0.006">
    <system-out><![CDATA[18:22:32.542 [main] INFO dev.allstak.sdk -- [AllStak SDK DEBUG] Flush worker started for 'logs' with 500ms interval
18:22:32.542 [main] INFO dev.allstak.sdk -- [AllStak SDK DEBUG] Flush worker started for 'http-requests' with 500ms interval
18:22:32.542 [main] INFO dev.allstak.sdk -- [AllStak SDK DEBUG] Flush worker started for 'db-queries' with 500ms interval
18:22:32.542 [main] INFO dev.allstak.sdk -- [AllStak SDK DEBUG] AllStak SDK initialized — host=https://api.allstak.sa, env=test, release=v0.0.1-test
18:22:32.543 [main] INFO dev.allstak.sdk -- [AllStak SDK DEBUG] Sending to http://localhost:55115/ingest/v1/heartbeat: {"slug":"payment-sync","status":"failed","durationMs":0,"message":"DB connection refused","environment":"test","release":"v0.0.1-test"}
18:22:32.546 [main] INFO dev.allstak.sdk -- [AllStak SDK DEBUG] Response from http://localhost:55115/ingest/v1/heartbeat: 202 {"success":true,"data":{"id":"test"}}
18:22:32.547 [main] INFO dev.allstak.sdk -- [AllStak SDK DEBUG] AllStak SDK shutting down...
18:22:32.547 [main] INFO dev.allstak.sdk -- [AllStak SDK DEBUG] Flush worker 'logs' shut down
18:22:32.547 [main] INFO dev.allstak.sdk -- [AllStak SDK DEBUG] Flush worker 'http-requests' shut down
18:22:32.547 [main] INFO dev.allstak.sdk -- [AllStak SDK DEBUG] Flush worker 'db-queries' shut down
18:22:32.547 [main] INFO dev.allstak.sdk -- [AllStak SDK DEBUG] AllStak SDK shut down complete
]]></system-out>
  </testcase>
  <testcase name="captureException_stackTraceExtracted" classname="dev.allstak.AllStakClientIntegrationTest" time="0.008">
    <system-out><![CDATA[18:22:32.548 [main] INFO dev.allstak.sdk -- [AllStak SDK DEBUG] Flush worker started for 'logs' with 500ms interval
18:22:32.548 [main] INFO dev.allstak.sdk -- [AllStak SDK DEBUG] Flush worker started for 'http-requests' with 500ms interval
18:22:32.548 [main] INFO dev.allstak.sdk -- [AllStak SDK DEBUG] Flush worker started for 'db-queries' with 500ms interval
18:22:32.549 [main] INFO dev.allstak.sdk -- [AllStak SDK DEBUG] AllStak SDK initialized — host=https://api.allstak.sa, env=test, release=v0.0.1-test
18:22:32.550 [main] INFO dev.allstak.sdk -- [AllStak SDK DEBUG] Sending to http://localhost:55115/ingest/v1/errors: {"exceptionClass":"java.lang.ArithmeticException","message":"Division by zero","stackTrace":["java.lang.ArithmeticException: Division by zero","at dev.allstak.AllStakClientIntegrationTest.captureException_stackTraceExtracted(AllStakClientIntegrationTest.java:102)","at jdk.internal.reflect.DirectMethodHandleAccessor.invoke(DirectMethodHandleAccessor.java:104)","at java.lang.reflect.Method.invoke(Method.java:565)","at org.junit.platform.commons.util.ReflectionUtils.invokeMethod(ReflectionUtils.java:728)","at org.junit.jupiter.engine.execution.MethodInvocation.proceed(MethodInvocation.java:60)","at org.junit.jupiter.engine.execution.InvocationInterceptorChain$ValidatingInvocation.proceed(InvocationInterceptorChain.java:131)","at org.junit.jupiter.engine.extension.TimeoutExtension.intercept(TimeoutExtension.java:156)","at org.junit.jupiter.engine.extension.TimeoutExtension.interceptTestableMethod(TimeoutExtension.java:147)","at org.junit.jupiter.engine.extension.TimeoutExtension.interceptTestMethod(TimeoutExtension.java:86)","at org.junit.jupiter.engine.execution.InterceptingExecutableInvoker$ReflectiveInterceptorCall.lambda$ofVoidMethod$0(InterceptingExecutableInvoker.java:103)","at org.junit.jupiter.engine.execution.InterceptingExecutableInvoker.lambda$invoke$0(InterceptingExecutableInvoker.java:93)","at org.junit.jupiter.engine.execution.InvocationInterceptorChain$InterceptedInvocation.proceed(InvocationInterceptorChain.java:106)","at org.junit.jupiter.engine.execution.InvocationInterceptorChain.proceed(InvocationInterceptorChain.java:64)","at org.junit.jupiter.engine.execution.InvocationInterceptorChain.chainAndInvoke(InvocationInterceptorChain.java:45)","at org.junit.jupiter.engine.execution.InvocationInterceptorChain.invoke(InvocationInterceptorChain.java:37)","at org.junit.jupiter.engine.execution.InterceptingExecutableInvoker.invoke(InterceptingExecutableInvoker.java:92)","at org.junit.jupiter.engine.execution.InterceptingExecutableInvoker.invoke(InterceptingExecutableInvoker.java:86)","at org.junit.jupiter.engine.descriptor.TestMethodTestDescriptor.lambda$invokeTestMethod$7(TestMethodTestDescriptor.java:218)","at org.junit.platform.engine.support.hierarchical.ThrowableCollector.execute(ThrowableCollector.java:73)","at org.junit.jupiter.engine.descriptor.TestMethodTestDescriptor.invokeTestMethod(TestMethodTestDescriptor.java:214)","at org.junit.jupiter.engine.descriptor.TestMethodTestDescriptor.execute(TestMethodTestDescriptor.java:139)","at org.junit.jupiter.engine.descriptor.TestMethodTestDescriptor.execute(TestMethodTestDescriptor.java:69)","at org.junit.platform.engine.support.hierarchical.NodeTestTask.lambda$executeRecursively$6(NodeTestTask.java:151)","at org.junit.platform.engine.support.hierarchical.ThrowableCollector.execute(ThrowableCollector.java:73)","at org.junit.platform.engine.support.hierarchical.NodeTestTask.lambda$executeRecursively$8(NodeTestTask.java:141)","at org.junit.platform.engine.support.hierarchical.Node.around(Node.java:137)","at org.junit.platform.engine.support.hierarchical.NodeTestTask.lambda$executeRecursively$9(NodeTestTask.java:139)","at org.junit.platform.engine.support.hierarchical.ThrowableCollector.execute(ThrowableCollector.java:73)","at org.junit.platform.engine.support.hierarchical.NodeTestTask.executeRecursively(NodeTestTask.java:138)","at org.junit.platform.engine.support.hierarchical.NodeTestTask.execute(NodeTestTask.java:95)","at java.util.ArrayList.forEach(ArrayList.java:1604)","at org.junit.platform.engine.support.hierarchical.SameThreadHierarchicalTestExecutorService.invokeAll(SameThreadHierarchicalTestExecutorService.java:41)","at org.junit.platform.engine.support.hierarchical.NodeTestTask.lambda$executeRecursively$6(NodeTestTask.java:155)","at org.junit.platform.engine.support.hierarchical.ThrowableCollector.execute(ThrowableCollector.java:73)","at org.junit.platform.engine.support.hierarchical.NodeTestTask.lambda$executeRecursively$8(NodeTestTask.java:141)","at org.junit.platform.engine.support.hierarchical.Node.around(Node.java:137)","at org.junit.platform.engine.support.hierarchical.NodeTestTask.lambda$executeRecursively$9(NodeTestTask.java:139)","at org.junit.platform.engine.support.hierarchical.ThrowableCollector.execute(ThrowableCollector.java:73)","at org.junit.platform.engine.support.hierarchical.NodeTestTask.executeRecursively(NodeTestTask.java:138)","at org.junit.platform.engine.support.hierarchical.NodeTestTask.execute(NodeTestTask.java:95)","at java.util.ArrayList.forEach(ArrayList.java:1604)","at org.junit.platform.engine.support.hierarchical.SameThreadHierarchicalTestExecutorService.invokeAll(SameThreadHierarchicalTestExecutorService.java:41)","at org.junit.platform.engine.support.hierarchical.NodeTestTask.lambda$executeRecursively$6(NodeTestTask.java:155)","at org.junit.platform.engine.support.hierarchical.ThrowableCollector.execute(ThrowableCollector.java:73)","at org.junit.platform.engine.support.hierarchical.NodeTestTask.lambda$executeRecursively$8(NodeTestTask.java:141)","at org.junit.platform.engine.support.hierarchical.Node.around(Node.java:137)","at org.junit.platform.engine.support.hierarchical.NodeTestTask.lambda$executeRecursively$9(NodeTestTask.java:139)","at org.junit.platform.engine.support.hierarchical.ThrowableCollector.execute(ThrowableCollector.java:73)","at org.junit.platform.engine.support.hierarchical.NodeTestTask.executeRecursively(NodeTestTask.java:138)","at org.junit.platform.engine.support.hierarchical.NodeTestTask.execute(NodeTestTask.java:95)","at org.junit.platform.engine.support.hierarchical.SameThreadHierarchicalTestExecutorService.submit(SameThreadHierarchicalTestExecutorService.java:35)","at org.junit.platform.engine.support.hierarchical.HierarchicalTestExecutor.execute(HierarchicalTestExecutor.java:57)","at org.junit.platform.engine.support.hierarchical.HierarchicalTestEngine.execute(HierarchicalTestEngine.java:54)","at org.junit.platform.launcher.core.EngineExecutionOrchestrator.execute(EngineExecutionOrchestrator.java:198)","at org.junit.platform.launcher.core.EngineExecutionOrchestrator.execute(EngineExecutionOrchestrator.java:169)","at org.junit.platform.launcher.core.EngineExecutionOrchestrator.execute(EngineExecutionOrchestrator.java:93)","at org.junit.platform.launcher.core.EngineExecutionOrchestrator.lambda$execute$0(EngineExecutionOrchestrator.java:58)","at org.junit.platform.launcher.core.EngineExecutionOrchestrator.withInterceptedStreams(EngineExecutionOrchestrator.java:141)","at org.junit.platform.launcher.core.EngineExecutionOrchestrator.execute(EngineExecutionOrchestrator.java:57)","at org.junit.platform.launcher.core.DefaultLauncher.execute(DefaultLauncher.java:103)","at org.junit.platform.launcher.core.DefaultLauncher.execute(DefaultLauncher.java:85)","at org.junit.platform.launcher.core.DelegatingLauncher.execute(DelegatingLauncher.java:47)","at org.apache.maven.surefire.junitplatform.LazyLauncher.execute(LazyLauncher.java:56)","at org.apache.maven.surefire.junitplatform.JUnitPlatformProvider.execute(JUnitPlatformProvider.java:184)","at org.apache.maven.surefire.junitplatform.JUnitPlatformProvider.invokeAllTests(JUnitPlatformProvider.java:148)","at org.apache.maven.surefire.junitplatform.JUnitPlatformProvider.invoke(JUnitPlatformProvider.java:122)","at org.apache.maven.surefire.booter.ForkedBooter.runSuitesInProcess(ForkedBooter.java:385)","at org.apache.maven.surefire.booter.ForkedBooter.execute(ForkedBooter.java:162)","at org.apache.maven.surefire.booter.ForkedBooter.run(ForkedBooter.java:507)","at org.apache.maven.surefire.booter.ForkedBooter.main(ForkedBooter.java:495)"],"level":"error","environment":"test","release":"v0.0.1-test"}
18:22:32.554 [main] INFO dev.allstak.sdk -- [AllStak SDK DEBUG] Response from http://localhost:55115/ingest/v1/errors: 202 {"success":true,"data":{"id":"test"}}
18:22:32.555 [main] INFO dev.allstak.sdk -- [AllStak SDK DEBUG] AllStak SDK shutting down...
18:22:32.555 [main] INFO dev.allstak.sdk -- [AllStak SDK DEBUG] Flush worker 'logs' shut down
18:22:32.555 [main] INFO dev.allstak.sdk -- [AllStak SDK DEBUG] Flush worker 'http-requests' shut down
18:22:32.555 [main] INFO dev.allstak.sdk -- [AllStak SDK DEBUG] Flush worker 'db-queries' shut down
18:22:32.555 [main] INFO dev.allstak.sdk -- [AllStak SDK DEBUG] AllStak SDK shut down complete
]]></system-out>
  </testcase>
  <testcase name="afterShutdown_captureIsNoOp" classname="dev.allstak.AllStakClientIntegrationTest" time="0.003">
    <system-out><![CDATA[18:22:32.557 [main] INFO dev.allstak.sdk -- [AllStak SDK DEBUG] Flush worker started for 'logs' with 500ms interval
18:22:32.558 [main] INFO dev.allstak.sdk -- [AllStak SDK DEBUG] Flush worker started for 'http-requests' with 500ms interval
18:22:32.558 [main] INFO dev.allstak.sdk -- [AllStak SDK DEBUG] Flush worker started for 'db-queries' with 500ms interval
18:22:32.558 [main] INFO dev.allstak.sdk -- [AllStak SDK DEBUG] AllStak SDK initialized — host=https://api.allstak.sa, env=test, release=v0.0.1-test
18:22:32.558 [main] INFO dev.allstak.sdk -- [AllStak SDK DEBUG] AllStak SDK shutting down...
18:22:32.558 [main] INFO dev.allstak.sdk -- [AllStak SDK DEBUG] Flush worker 'logs' shut down
18:22:32.558 [main] INFO dev.allstak.sdk -- [AllStak SDK DEBUG] Flush worker 'http-requests' shut down
18:22:32.558 [main] INFO dev.allstak.sdk -- [AllStak SDK DEBUG] Flush worker 'db-queries' shut down
18:22:32.558 [main] INFO dev.allstak.sdk -- [AllStak SDK DEBUG] AllStak SDK shut down complete
]]></system-out>
  </testcase>
  <testcase name="authFailure_disablesAllOperations" classname="dev.allstak.AllStakClientIntegrationTest" time="0.008">
    <system-out><![CDATA[18:22:32.560 [main] INFO dev.allstak.sdk -- [AllStak SDK DEBUG] Flush worker started for 'logs' with 500ms interval
18:22:32.560 [main] INFO dev.allstak.sdk -- [AllStak SDK DEBUG] Flush worker started for 'http-requests' with 500ms interval
18:22:32.560 [main] INFO dev.allstak.sdk -- [AllStak SDK DEBUG] Flush worker started for 'db-queries' with 500ms interval
18:22:32.560 [main] INFO dev.allstak.sdk -- [AllStak SDK DEBUG] AllStak SDK initialized — host=https://api.allstak.sa, env=test, release=v0.0.1-test
18:22:32.562 [main] INFO dev.allstak.sdk -- [AllStak SDK DEBUG] Sending to http://localhost:55115/ingest/v1/errors: {"exceptionClass":"java.lang.RuntimeException","message":"trigger 401","stackTrace":["java.lang.RuntimeException: trigger 401","at dev.allstak.AllStakClientIntegrationTest.authFailure_disablesAllOperations(AllStakClientIntegrationTest.java:294)","at jdk.internal.reflect.DirectMethodHandleAccessor.invoke(DirectMethodHandleAccessor.java:104)","at java.lang.reflect.Method.invoke(Method.java:565)","at org.junit.platform.commons.util.ReflectionUtils.invokeMethod(ReflectionUtils.java:728)","at org.junit.jupiter.engine.execution.MethodInvocation.proceed(MethodInvocation.java:60)","at org.junit.jupiter.engine.execution.InvocationInterceptorChain$ValidatingInvocation.proceed(InvocationInterceptorChain.java:131)","at org.junit.jupiter.engine.extension.TimeoutExtension.intercept(TimeoutExtension.java:156)","at org.junit.jupiter.engine.extension.TimeoutExtension.interceptTestableMethod(TimeoutExtension.java:147)","at org.junit.jupiter.engine.extension.TimeoutExtension.interceptTestMethod(TimeoutExtension.java:86)","at org.junit.jupiter.engine.execution.InterceptingExecutableInvoker$ReflectiveInterceptorCall.lambda$ofVoidMethod$0(InterceptingExecutableInvoker.java:103)","at org.junit.jupiter.engine.execution.InterceptingExecutableInvoker.lambda$invoke$0(InterceptingExecutableInvoker.java:93)","at org.junit.jupiter.engine.execution.InvocationInterceptorChain$InterceptedInvocation.proceed(InvocationInterceptorChain.java:106)","at org.junit.jupiter.engine.execution.InvocationInterceptorChain.proceed(InvocationInterceptorChain.java:64)","at org.junit.jupiter.engine.execution.InvocationInterceptorChain.chainAndInvoke(InvocationInterceptorChain.java:45)","at org.junit.jupiter.engine.execution.InvocationInterceptorChain.invoke(InvocationInterceptorChain.java:37)","at org.junit.jupiter.engine.execution.InterceptingExecutableInvoker.invoke(InterceptingExecutableInvoker.java:92)","at org.junit.jupiter.engine.execution.InterceptingExecutableInvoker.invoke(InterceptingExecutableInvoker.java:86)","at org.junit.jupiter.engine.descriptor.TestMethodTestDescriptor.lambda$invokeTestMethod$7(TestMethodTestDescriptor.java:218)","at org.junit.platform.engine.support.hierarchical.ThrowableCollector.execute(ThrowableCollector.java:73)","at org.junit.jupiter.engine.descriptor.TestMethodTestDescriptor.invokeTestMethod(TestMethodTestDescriptor.java:214)","at org.junit.jupiter.engine.descriptor.TestMethodTestDescriptor.execute(TestMethodTestDescriptor.java:139)","at org.junit.jupiter.engine.descriptor.TestMethodTestDescriptor.execute(TestMethodTestDescriptor.java:69)","at org.junit.platform.engine.support.hierarchical.NodeTestTask.lambda$executeRecursively$6(NodeTestTask.java:151)","at org.junit.platform.engine.support.hierarchical.ThrowableCollector.execute(ThrowableCollector.java:73)","at org.junit.platform.engine.support.hierarchical.NodeTestTask.lambda$executeRecursively$8(NodeTestTask.java:141)","at org.junit.platform.engine.support.hierarchical.Node.around(Node.java:137)","at org.junit.platform.engine.support.hierarchical.NodeTestTask.lambda$executeRecursively$9(NodeTestTask.java:139)","at org.junit.platform.engine.support.hierarchical.ThrowableCollector.execute(ThrowableCollector.java:73)","at org.junit.platform.engine.support.hierarchical.NodeTestTask.executeRecursively(NodeTestTask.java:138)","at org.junit.platform.engine.support.hierarchical.NodeTestTask.execute(NodeTestTask.java:95)","at java.util.ArrayList.forEach(ArrayList.java:1604)","at org.junit.platform.engine.support.hierarchical.SameThreadHierarchicalTestExecutorService.invokeAll(SameThreadHierarchicalTestExecutorService.java:41)","at org.junit.platform.engine.support.hierarchical.NodeTestTask.lambda$executeRecursively$6(NodeTestTask.java:155)","at org.junit.platform.engine.support.hierarchical.ThrowableCollector.execute(ThrowableCollector.java:73)","at org.junit.platform.engine.support.hierarchical.NodeTestTask.lambda$executeRecursively$8(NodeTestTask.java:141)","at org.junit.platform.engine.support.hierarchical.Node.around(Node.java:137)","at org.junit.platform.engine.support.hierarchical.NodeTestTask.lambda$executeRecursively$9(NodeTestTask.java:139)","at org.junit.platform.engine.support.hierarchical.ThrowableCollector.execute(ThrowableCollector.java:73)","at org.junit.platform.engine.support.hierarchical.NodeTestTask.executeRecursively(NodeTestTask.java:138)","at org.junit.platform.engine.support.hierarchical.NodeTestTask.execute(NodeTestTask.java:95)","at java.util.ArrayList.forEach(ArrayList.java:1604)","at org.junit.platform.engine.support.hierarchical.SameThreadHierarchicalTestExecutorService.invokeAll(SameThreadHierarchicalTestExecutorService.java:41)","at org.junit.platform.engine.support.hierarchical.NodeTestTask.lambda$executeRecursively$6(NodeTestTask.java:155)","at org.junit.platform.engine.support.hierarchical.ThrowableCollector.execute(ThrowableCollector.java:73)","at org.junit.platform.engine.support.hierarchical.NodeTestTask.lambda$executeRecursively$8(NodeTestTask.java:141)","at org.junit.platform.engine.support.hierarchical.Node.around(Node.java:137)","at org.junit.platform.engine.support.hierarchical.NodeTestTask.lambda$executeRecursively$9(NodeTestTask.java:139)","at org.junit.platform.engine.support.hierarchical.ThrowableCollector.execute(ThrowableCollector.java:73)","at org.junit.platform.engine.support.hierarchical.NodeTestTask.executeRecursively(NodeTestTask.java:138)","at org.junit.platform.engine.support.hierarchical.NodeTestTask.execute(NodeTestTask.java:95)","at org.junit.platform.engine.support.hierarchical.SameThreadHierarchicalTestExecutorService.submit(SameThreadHierarchicalTestExecutorService.java:35)","at org.junit.platform.engine.support.hierarchical.HierarchicalTestExecutor.execute(HierarchicalTestExecutor.java:57)","at org.junit.platform.engine.support.hierarchical.HierarchicalTestEngine.execute(HierarchicalTestEngine.java:54)","at org.junit.platform.launcher.core.EngineExecutionOrchestrator.execute(EngineExecutionOrchestrator.java:198)","at org.junit.platform.launcher.core.EngineExecutionOrchestrator.execute(EngineExecutionOrchestrator.java:169)","at org.junit.platform.launcher.core.EngineExecutionOrchestrator.execute(EngineExecutionOrchestrator.java:93)","at org.junit.platform.launcher.core.EngineExecutionOrchestrator.lambda$execute$0(EngineExecutionOrchestrator.java:58)","at org.junit.platform.launcher.core.EngineExecutionOrchestrator.withInterceptedStreams(EngineExecutionOrchestrator.java:141)","at org.junit.platform.launcher.core.EngineExecutionOrchestrator.execute(EngineExecutionOrchestrator.java:57)","at org.junit.platform.launcher.core.DefaultLauncher.execute(DefaultLauncher.java:103)","at org.junit.platform.launcher.core.DefaultLauncher.execute(DefaultLauncher.java:85)","at org.junit.platform.launcher.core.DelegatingLauncher.execute(DelegatingLauncher.java:47)","at org.apache.maven.surefire.junitplatform.LazyLauncher.execute(LazyLauncher.java:56)","at org.apache.maven.surefire.junitplatform.JUnitPlatformProvider.execute(JUnitPlatformProvider.java:184)","at org.apache.maven.surefire.junitplatform.JUnitPlatformProvider.invokeAllTests(JUnitPlatformProvider.java:148)","at org.apache.maven.surefire.junitplatform.JUnitPlatformProvider.invoke(JUnitPlatformProvider.java:122)","at org.apache.maven.surefire.booter.ForkedBooter.runSuitesInProcess(ForkedBooter.java:385)","at org.apache.maven.surefire.booter.ForkedBooter.execute(ForkedBooter.java:162)","at org.apache.maven.surefire.booter.ForkedBooter.run(ForkedBooter.java:507)","at org.apache.maven.surefire.booter.ForkedBooter.main(ForkedBooter.java:495)"],"level":"error","environment":"test","release":"v0.0.1-test"}
18:22:32.566 [main] INFO dev.allstak.sdk -- [AllStak SDK DEBUG] Response from http://localhost:55115/ingest/v1/errors: 401 {"success":false,"error":{"code":"INVALID_API_KEY"}}
18:22:32.566 [main] WARN dev.allstak.sdk -- [AllStak SDK] Invalid API key — disabling SDK. Response: {"success":false,"error":{"code":"INVALID_API_KEY"}}
18:22:32.566 [main] INFO dev.allstak.sdk -- [AllStak SDK DEBUG] AllStak SDK shutting down...
18:22:32.567 [main] INFO dev.allstak.sdk -- [AllStak SDK DEBUG] Flush worker 'logs' shut down
18:22:32.567 [main] INFO dev.allstak.sdk -- [AllStak SDK DEBUG] Flush worker 'http-requests' shut down
18:22:32.567 [main] INFO dev.allstak.sdk -- [AllStak SDK DEBUG] Flush worker 'db-queries' shut down
18:22:32.567 [main] INFO dev.allstak.sdk -- [AllStak SDK DEBUG] AllStak SDK shut down complete
]]></system-out>
  </testcase>
  <testcase name="captureException_sendsImmediately" classname="dev.allstak.AllStakClientIntegrationTest" time="0.011">
    <system-out><![CDATA[18:22:32.568 [main] INFO dev.allstak.sdk -- [AllStak SDK DEBUG] Flush worker started for 'logs' with 500ms interval
18:22:32.568 [main] INFO dev.allstak.sdk -- [AllStak SDK DEBUG] Flush worker started for 'http-requests' with 500ms interval
18:22:32.568 [main] INFO dev.allstak.sdk -- [AllStak SDK DEBUG] Flush worker started for 'db-queries' with 500ms interval
18:22:32.568 [main] INFO dev.allstak.sdk -- [AllStak SDK DEBUG] AllStak SDK initialized — host=https://api.allstak.sa, env=test, release=v0.0.1-test
18:22:32.572 [main] INFO dev.allstak.sdk -- [AllStak SDK DEBUG] Sending to http://localhost:55115/ingest/v1/errors: {"exceptionClass":"java.lang.RuntimeException","message":"Test error","stackTrace":["java.lang.RuntimeException: Test error","at dev.allstak.AllStakClientIntegrationTest.captureException_sendsImmediately(AllStakClientIntegrationTest.java:76)","at jdk.internal.reflect.DirectMethodHandleAccessor.invoke(DirectMethodHandleAccessor.java:104)","at java.lang.reflect.Method.invoke(Method.java:565)","at org.junit.platform.commons.util.ReflectionUtils.invokeMethod(ReflectionUtils.java:728)","at org.junit.jupiter.engine.execution.MethodInvocation.proceed(MethodInvocation.java:60)","at org.junit.jupiter.engine.execution.InvocationInterceptorChain$ValidatingInvocation.proceed(InvocationInterceptorChain.java:131)","at org.junit.jupiter.engine.extension.TimeoutExtension.intercept(TimeoutExtension.java:156)","at org.junit.jupiter.engine.extension.TimeoutExtension.interceptTestableMethod(TimeoutExtension.java:147)","at org.junit.jupiter.engine.extension.TimeoutExtension.interceptTestMethod(TimeoutExtension.java:86)","at org.junit.jupiter.engine.execution.InterceptingExecutableInvoker$ReflectiveInterceptorCall.lambda$ofVoidMethod$0(InterceptingExecutableInvoker.java:103)","at org.junit.jupiter.engine.execution.InterceptingExecutableInvoker.lambda$invoke$0(InterceptingExecutableInvoker.java:93)","at org.junit.jupiter.engine.execution.InvocationInterceptorChain$InterceptedInvocation.proceed(InvocationInterceptorChain.java:106)","at org.junit.jupiter.engine.execution.InvocationInterceptorChain.proceed(InvocationInterceptorChain.java:64)","at org.junit.jupiter.engine.execution.InvocationInterceptorChain.chainAndInvoke(InvocationInterceptorChain.java:45)","at org.junit.jupiter.engine.execution.InvocationInterceptorChain.invoke(InvocationInterceptorChain.java:37)","at org.junit.jupiter.engine.execution.InterceptingExecutableInvoker.invoke(InterceptingExecutableInvoker.java:92)","at org.junit.jupiter.engine.execution.InterceptingExecutableInvoker.invoke(InterceptingExecutableInvoker.java:86)","at org.junit.jupiter.engine.descriptor.TestMethodTestDescriptor.lambda$invokeTestMethod$7(TestMethodTestDescriptor.java:218)","at org.junit.platform.engine.support.hierarchical.ThrowableCollector.execute(ThrowableCollector.java:73)","at org.junit.jupiter.engine.descriptor.TestMethodTestDescriptor.invokeTestMethod(TestMethodTestDescriptor.java:214)","at org.junit.jupiter.engine.descriptor.TestMethodTestDescriptor.execute(TestMethodTestDescriptor.java:139)","at org.junit.jupiter.engine.descriptor.TestMethodTestDescriptor.execute(TestMethodTestDescriptor.java:69)","at org.junit.platform.engine.support.hierarchical.NodeTestTask.lambda$executeRecursively$6(NodeTestTask.java:151)","at org.junit.platform.engine.support.hierarchical.ThrowableCollector.execute(ThrowableCollector.java:73)","at org.junit.platform.engine.support.hierarchical.NodeTestTask.lambda$executeRecursively$8(NodeTestTask.java:141)","at org.junit.platform.engine.support.hierarchical.Node.around(Node.java:137)","at org.junit.platform.engine.support.hierarchical.NodeTestTask.lambda$executeRecursively$9(NodeTestTask.java:139)","at org.junit.platform.engine.support.hierarchical.ThrowableCollector.execute(ThrowableCollector.java:73)","at org.junit.platform.engine.support.hierarchical.NodeTestTask.executeRecursively(NodeTestTask.java:138)","at org.junit.platform.engine.support.hierarchical.NodeTestTask.execute(NodeTestTask.java:95)","at java.util.ArrayList.forEach(ArrayList.java:1604)","at org.junit.platform.engine.support.hierarchical.SameThreadHierarchicalTestExecutorService.invokeAll(SameThreadHierarchicalTestExecutorService.java:41)","at org.junit.platform.engine.support.hierarchical.NodeTestTask.lambda$executeRecursively$6(NodeTestTask.java:155)","at org.junit.platform.engine.support.hierarchical.ThrowableCollector.execute(ThrowableCollector.java:73)","at org.junit.platform.engine.support.hierarchical.NodeTestTask.lambda$executeRecursively$8(NodeTestTask.java:141)","at org.junit.platform.engine.support.hierarchical.Node.around(Node.java:137)","at org.junit.platform.engine.support.hierarchical.NodeTestTask.lambda$executeRecursively$9(NodeTestTask.java:139)","at org.junit.platform.engine.support.hierarchical.ThrowableCollector.execute(ThrowableCollector.java:73)","at org.junit.platform.engine.support.hierarchical.NodeTestTask.executeRecursively(NodeTestTask.java:138)","at org.junit.platform.engine.support.hierarchical.NodeTestTask.execute(NodeTestTask.java:95)","at java.util.ArrayList.forEach(ArrayList.java:1604)","at org.junit.platform.engine.support.hierarchical.SameThreadHierarchicalTestExecutorService.invokeAll(SameThreadHierarchicalTestExecutorService.java:41)","at org.junit.platform.engine.support.hierarchical.NodeTestTask.lambda$executeRecursively$6(NodeTestTask.java:155)","at org.junit.platform.engine.support.hierarchical.ThrowableCollector.execute(ThrowableCollector.java:73)","at org.junit.platform.engine.support.hierarchical.NodeTestTask.lambda$executeRecursively$8(NodeTestTask.java:141)","at org.junit.platform.engine.support.hierarchical.Node.around(Node.java:137)","at org.junit.platform.engine.support.hierarchical.NodeTestTask.lambda$executeRecursively$9(NodeTestTask.java:139)","at org.junit.platform.engine.support.hierarchical.ThrowableCollector.execute(ThrowableCollector.java:73)","at org.junit.platform.engine.support.hierarchical.NodeTestTask.executeRecursively(NodeTestTask.java:138)","at org.junit.platform.engine.support.hierarchical.NodeTestTask.execute(NodeTestTask.java:95)","at org.junit.platform.engine.support.hierarchical.SameThreadHierarchicalTestExecutorService.submit(SameThreadHierarchicalTestExecutorService.java:35)","at org.junit.platform.engine.support.hierarchical.HierarchicalTestExecutor.execute(HierarchicalTestExecutor.java:57)","at org.junit.platform.engine.support.hierarchical.HierarchicalTestEngine.execute(HierarchicalTestEngine.java:54)","at org.junit.platform.launcher.core.EngineExecutionOrchestrator.execute(EngineExecutionOrchestrator.java:198)","at org.junit.platform.launcher.core.EngineExecutionOrchestrator.execute(EngineExecutionOrchestrator.java:169)","at org.junit.platform.launcher.core.EngineExecutionOrchestrator.execute(EngineExecutionOrchestrator.java:93)","at org.junit.platform.launcher.core.EngineExecutionOrchestrator.lambda$execute$0(EngineExecutionOrchestrator.java:58)","at org.junit.platform.launcher.core.EngineExecutionOrchestrator.withInterceptedStreams(EngineExecutionOrchestrator.java:141)","at org.junit.platform.launcher.core.EngineExecutionOrchestrator.execute(EngineExecutionOrchestrator.java:57)","at org.junit.platform.launcher.core.DefaultLauncher.execute(DefaultLauncher.java:103)","at org.junit.platform.launcher.core.DefaultLauncher.execute(DefaultLauncher.java:85)","at org.junit.platform.launcher.core.DelegatingLauncher.execute(DelegatingLauncher.java:47)","at org.apache.maven.surefire.junitplatform.LazyLauncher.execute(LazyLauncher.java:56)","at org.apache.maven.surefire.junitplatform.JUnitPlatformProvider.execute(JUnitPlatformProvider.java:184)","at org.apache.maven.surefire.junitplatform.JUnitPlatformProvider.invokeAllTests(JUnitPlatformProvider.java:148)","at org.apache.maven.surefire.junitplatform.JUnitPlatformProvider.invoke(JUnitPlatformProvider.java:122)","at org.apache.maven.surefire.booter.ForkedBooter.runSuitesInProcess(ForkedBooter.java:385)","at org.apache.maven.surefire.booter.ForkedBooter.execute(ForkedBooter.java:162)","at org.apache.maven.surefire.booter.ForkedBooter.run(ForkedBooter.java:507)","at org.apache.maven.surefire.booter.ForkedBooter.main(ForkedBooter.java:495)"],"level":"error","environment":"test","release":"v0.0.1-test"}
18:22:32.577 [main] INFO dev.allstak.sdk -- [AllStak SDK DEBUG] Response from http://localhost:55115/ingest/v1/errors: 202 {"success":true,"data":{"id":"test"}}
18:22:32.577 [main] INFO dev.allstak.sdk -- [AllStak SDK DEBUG] AllStak SDK shutting down...
18:22:32.577 [main] INFO dev.allstak.sdk -- [AllStak SDK DEBUG] Flush worker 'logs' shut down
18:22:32.577 [main] INFO dev.allstak.sdk -- [AllStak SDK DEBUG] Flush worker 'http-requests' shut down
18:22:32.577 [main] INFO dev.allstak.sdk -- [AllStak SDK DEBUG] Flush worker 'db-queries' shut down
18:22:32.577 [main] INFO dev.allstak.sdk -- [AllStak SDK DEBUG] AllStak SDK shut down complete
]]></system-out>
  </testcase>
  <testcase name="captureException_sensitiveMetadataMasked" classname="dev.allstak.AllStakClientIntegrationTest" time="0.01">
    <system-out><![CDATA[18:22:32.580 [main] INFO dev.allstak.sdk -- [AllStak SDK DEBUG] Flush worker started for 'logs' with 500ms interval
18:22:32.581 [main] INFO dev.allstak.sdk -- [AllStak SDK DEBUG] Flush worker started for 'http-requests' with 500ms interval
18:22:32.581 [main] INFO dev.allstak.sdk -- [AllStak SDK DEBUG] Flush worker started for 'db-queries' with 500ms interval
18:22:32.581 [main] INFO dev.allstak.sdk -- [AllStak SDK DEBUG] AllStak SDK initialized — host=https://api.allstak.sa, env=test, release=v0.0.1-test
18:22:32.584 [main] INFO dev.allstak.sdk -- [AllStak SDK DEBUG] Sending to http://localhost:55115/ingest/v1/errors: {"exceptionClass":"java.lang.RuntimeException","message":"err","stackTrace":["java.lang.RuntimeException: err","at dev.allstak.AllStakClientIntegrationTest.captureException_sensitiveMetadataMasked(AllStakClientIntegrationTest.java:114)","at jdk.internal.reflect.DirectMethodHandleAccessor.invoke(DirectMethodHandleAccessor.java:104)","at java.lang.reflect.Method.invoke(Method.java:565)","at org.junit.platform.commons.util.ReflectionUtils.invokeMethod(ReflectionUtils.java:728)","at org.junit.jupiter.engine.execution.MethodInvocation.proceed(MethodInvocation.java:60)","at org.junit.jupiter.engine.execution.InvocationInterceptorChain$ValidatingInvocation.proceed(InvocationInterceptorChain.java:131)","at org.junit.jupiter.engine.extension.TimeoutExtension.intercept(TimeoutExtension.java:156)","at org.junit.jupiter.engine.extension.TimeoutExtension.interceptTestableMethod(TimeoutExtension.java:147)","at org.junit.jupiter.engine.extension.TimeoutExtension.interceptTestMethod(TimeoutExtension.java:86)","at org.junit.jupiter.engine.execution.InterceptingExecutableInvoker$ReflectiveInterceptorCall.lambda$ofVoidMethod$0(InterceptingExecutableInvoker.java:103)","at org.junit.jupiter.engine.execution.InterceptingExecutableInvoker.lambda$invoke$0(InterceptingExecutableInvoker.java:93)","at org.junit.jupiter.engine.execution.InvocationInterceptorChain$InterceptedInvocation.proceed(InvocationInterceptorChain.java:106)","at org.junit.jupiter.engine.execution.InvocationInterceptorChain.proceed(InvocationInterceptorChain.java:64)","at org.junit.jupiter.engine.execution.InvocationInterceptorChain.chainAndInvoke(InvocationInterceptorChain.java:45)","at org.junit.jupiter.engine.execution.InvocationInterceptorChain.invoke(InvocationInterceptorChain.java:37)","at org.junit.jupiter.engine.execution.InterceptingExecutableInvoker.invoke(InterceptingExecutableInvoker.java:92)","at org.junit.jupiter.engine.execution.InterceptingExecutableInvoker.invoke(InterceptingExecutableInvoker.java:86)","at org.junit.jupiter.engine.descriptor.TestMethodTestDescriptor.lambda$invokeTestMethod$7(TestMethodTestDescriptor.java:218)","at org.junit.platform.engine.support.hierarchical.ThrowableCollector.execute(ThrowableCollector.java:73)","at org.junit.jupiter.engine.descriptor.TestMethodTestDescriptor.invokeTestMethod(TestMethodTestDescriptor.java:214)","at org.junit.jupiter.engine.descriptor.TestMethodTestDescriptor.execute(TestMethodTestDescriptor.java:139)","at org.junit.jupiter.engine.descriptor.TestMethodTestDescriptor.execute(TestMethodTestDescriptor.java:69)","at org.junit.platform.engine.support.hierarchical.NodeTestTask.lambda$executeRecursively$6(NodeTestTask.java:151)","at org.junit.platform.engine.support.hierarchical.ThrowableCollector.execute(ThrowableCollector.java:73)","at org.junit.platform.engine.support.hierarchical.NodeTestTask.lambda$executeRecursively$8(NodeTestTask.java:141)","at org.junit.platform.engine.support.hierarchical.Node.around(Node.java:137)","at org.junit.platform.engine.support.hierarchical.NodeTestTask.lambda$executeRecursively$9(NodeTestTask.java:139)","at org.junit.platform.engine.support.hierarchical.ThrowableCollector.execute(ThrowableCollector.java:73)","at org.junit.platform.engine.support.hierarchical.NodeTestTask.executeRecursively(NodeTestTask.java:138)","at org.junit.platform.engine.support.hierarchical.NodeTestTask.execute(NodeTestTask.java:95)","at java.util.ArrayList.forEach(ArrayList.java:1604)","at org.junit.platform.engine.support.hierarchical.SameThreadHierarchicalTestExecutorService.invokeAll(SameThreadHierarchicalTestExecutorService.java:41)","at org.junit.platform.engine.support.hierarchical.NodeTestTask.lambda$executeRecursively$6(NodeTestTask.java:155)","at org.junit.platform.engine.support.hierarchical.ThrowableCollector.execute(ThrowableCollector.java:73)","at org.junit.platform.engine.support.hierarchical.NodeTestTask.lambda$executeRecursively$8(NodeTestTask.java:141)","at org.junit.platform.engine.support.hierarchical.Node.around(Node.java:137)","at org.junit.platform.engine.support.hierarchical.NodeTestTask.lambda$executeRecursively$9(NodeTestTask.java:139)","at org.junit.platform.engine.support.hierarchical.ThrowableCollector.execute(ThrowableCollector.java:73)","at org.junit.platform.engine.support.hierarchical.NodeTestTask.executeRecursively(NodeTestTask.java:138)","at org.junit.platform.engine.support.hierarchical.NodeTestTask.execute(NodeTestTask.java:95)","at java.util.ArrayList.forEach(ArrayList.java:1604)","at org.junit.platform.engine.support.hierarchical.SameThreadHierarchicalTestExecutorService.invokeAll(SameThreadHierarchicalTestExecutorService.java:41)","at org.junit.platform.engine.support.hierarchical.NodeTestTask.lambda$executeRecursively$6(NodeTestTask.java:155)","at org.junit.platform.engine.support.hierarchical.ThrowableCollector.execute(ThrowableCollector.java:73)","at org.junit.platform.engine.support.hierarchical.NodeTestTask.lambda$executeRecursively$8(NodeTestTask.java:141)","at org.junit.platform.engine.support.hierarchical.Node.around(Node.java:137)","at org.junit.platform.engine.support.hierarchical.NodeTestTask.lambda$executeRecursively$9(NodeTestTask.java:139)","at org.junit.platform.engine.support.hierarchical.ThrowableCollector.execute(ThrowableCollector.java:73)","at org.junit.platform.engine.support.hierarchical.NodeTestTask.executeRecursively(NodeTestTask.java:138)","at org.junit.platform.engine.support.hierarchical.NodeTestTask.execute(NodeTestTask.java:95)","at org.junit.platform.engine.support.hierarchical.SameThreadHierarchicalTestExecutorService.submit(SameThreadHierarchicalTestExecutorService.java:35)","at org.junit.platform.engine.support.hierarchical.HierarchicalTestExecutor.execute(HierarchicalTestExecutor.java:57)","at org.junit.platform.engine.support.hierarchical.HierarchicalTestEngine.execute(HierarchicalTestEngine.java:54)","at org.junit.platform.launcher.core.EngineExecutionOrchestrator.execute(EngineExecutionOrchestrator.java:198)","at org.junit.platform.launcher.core.EngineExecutionOrchestrator.execute(EngineExecutionOrchestrator.java:169)","at org.junit.platform.launcher.core.EngineExecutionOrchestrator.execute(EngineExecutionOrchestrator.java:93)","at org.junit.platform.launcher.core.EngineExecutionOrchestrator.lambda$execute$0(EngineExecutionOrchestrator.java:58)","at org.junit.platform.launcher.core.EngineExecutionOrchestrator.withInterceptedStreams(EngineExecutionOrchestrator.java:141)","at org.junit.platform.launcher.core.EngineExecutionOrchestrator.execute(EngineExecutionOrchestrator.java:57)","at org.junit.platform.launcher.core.DefaultLauncher.execute(DefaultLauncher.java:103)","at org.junit.platform.launcher.core.DefaultLauncher.execute(DefaultLauncher.java:85)","at org.junit.platform.launcher.core.DelegatingLauncher.execute(DelegatingLauncher.java:47)","at org.apache.maven.surefire.junitplatform.LazyLauncher.execute(LazyLauncher.java:56)","at org.apache.maven.surefire.junitplatform.JUnitPlatformProvider.execute(JUnitPlatformProvider.java:184)","at org.apache.maven.surefire.junitplatform.JUnitPlatformProvider.invokeAllTests(JUnitPlatformProvider.java:148)","at org.apache.maven.surefire.junitplatform.JUnitPlatformProvider.invoke(JUnitPlatformProvider.java:122)","at org.apache.maven.surefire.booter.ForkedBooter.runSuitesInProcess(ForkedBooter.java:385)","at org.apache.maven.surefire.booter.ForkedBooter.execute(ForkedBooter.java:162)","at org.apache.maven.surefire.booter.ForkedBooter.run(ForkedBooter.java:507)","at org.apache.maven.surefire.booter.ForkedBooter.main(ForkedBooter.java:495)"],"level":"error","environment":"test","release":"v0.0.1-test","metadata":{"orderId":"ORD-1","token":"[MASKED]","password":"[MASKED]"}}
18:22:32.588 [main] INFO dev.allstak.sdk -- [AllStak SDK DEBUG] Response from http://localhost:55115/ingest/v1/errors: 202 {"success":true,"data":{"id":"test"}}
18:22:32.588 [main] INFO dev.allstak.sdk -- [AllStak SDK DEBUG] AllStak SDK shutting down...
18:22:32.588 [main] INFO dev.allstak.sdk -- [AllStak SDK DEBUG] Flush worker 'logs' shut down
18:22:32.588 [main] INFO dev.allstak.sdk -- [AllStak SDK DEBUG] Flush worker 'http-requests' shut down
18:22:32.588 [main] INFO dev.allstak.sdk -- [AllStak SDK DEBUG] Flush worker 'db-queries' shut down
18:22:32.588 [main] INFO dev.allstak.sdk -- [AllStak SDK DEBUG] AllStak SDK shut down complete
]]></system-out>
  </testcase>
  <testcase name="captureLog_withServiceAndTraceId" classname="dev.allstak.AllStakClientIntegrationTest" time="0.009">
    <system-out><![CDATA[18:22:32.590 [main] INFO dev.allstak.sdk -- [AllStak SDK DEBUG] Flush worker started for 'logs' with 500ms interval
18:22:32.590 [main] INFO dev.allstak.sdk -- [AllStak SDK DEBUG] Flush worker started for 'http-requests' with 500ms interval
18:22:32.591 [main] INFO dev.allstak.sdk -- [AllStak SDK DEBUG] Flush worker started for 'db-queries' with 500ms interval
18:22:32.591 [main] INFO dev.allstak.sdk -- [AllStak SDK DEBUG] AllStak SDK initialized — host=https://api.allstak.sa, env=test, release=v0.0.1-test
18:22:32.592 [main] INFO dev.allstak.sdk -- [AllStak SDK DEBUG] Flushing 1 logs item(s)
18:22:32.593 [main] INFO dev.allstak.sdk -- [AllStak SDK DEBUG] Sending to http://localhost:55115/ingest/v1/logs: {"level":"error","message":"DB connection failed","service":"db-service","traceId":"trace-abc123","environment":"test","metadata":{"host":"db.local"},"release":"v0.0.1-test"}
18:22:32.597 [main] INFO dev.allstak.sdk -- [AllStak SDK DEBUG] Response from http://localhost:55115/ingest/v1/logs: 202 {"success":true,"data":{"id":"test"}}
18:22:32.597 [main] INFO dev.allstak.sdk -- [AllStak SDK DEBUG] AllStak SDK shutting down...
18:22:32.597 [main] INFO dev.allstak.sdk -- [AllStak SDK DEBUG] Flush worker 'logs' shut down
18:22:32.597 [main] INFO dev.allstak.sdk -- [AllStak SDK DEBUG] Flush worker 'http-requests' shut down
18:22:32.597 [main] INFO dev.allstak.sdk -- [AllStak SDK DEBUG] Flush worker 'db-queries' shut down
18:22:32.598 [main] INFO dev.allstak.sdk -- [AllStak SDK DEBUG] AllStak SDK shut down complete
]]></system-out>
  </testcase>
  <testcase name="cronJobMonitoring_successFlow" classname="dev.allstak.AllStakClientIntegrationTest" time="0.058">
    <system-out><![CDATA[18:22:32.600 [main] INFO dev.allstak.sdk -- [AllStak SDK DEBUG] Flush worker started for 'logs' with 500ms interval
18:22:32.600 [main] INFO dev.allstak.sdk -- [AllStak SDK DEBUG] Flush worker started for 'http-requests' with 500ms interval
18:22:32.600 [main] INFO dev.allstak.sdk -- [AllStak SDK DEBUG] Flush worker started for 'db-queries' with 500ms interval
18:22:32.600 [main] INFO dev.allstak.sdk -- [AllStak SDK DEBUG] AllStak SDK initialized — host=https://api.allstak.sa, env=test, release=v0.0.1-test
18:22:32.653 [main] INFO dev.allstak.sdk -- [AllStak SDK DEBUG] Sending to http://localhost:55115/ingest/v1/heartbeat: {"slug":"daily-report","status":"success","durationMs":52,"message":"Processed 42 records","environment":"test","release":"v0.0.1-test"}
18:22:32.656 [main] INFO dev.allstak.sdk -- [AllStak SDK DEBUG] Response from http://localhost:55115/ingest/v1/heartbeat: 202 {"success":true,"data":{"id":"test"}}
18:22:32.656 [main] INFO dev.allstak.sdk -- [AllStak SDK DEBUG] AllStak SDK shutting down...
18:22:32.657 [main] INFO dev.allstak.sdk -- [AllStak SDK DEBUG] Flush worker 'logs' shut down
18:22:32.657 [main] INFO dev.allstak.sdk -- [AllStak SDK DEBUG] Flush worker 'http-requests' shut down
18:22:32.657 [main] INFO dev.allstak.sdk -- [AllStak SDK DEBUG] Flush worker 'db-queries' shut down
18:22:32.657 [main] INFO dev.allstak.sdk -- [AllStak SDK DEBUG] AllStak SDK shut down complete
]]></system-out>
  </testcase>
</testsuite>