<?xml version="1.0" encoding="UTF-8"?>
<testsuite xmlns:xsi="http://www.w3.org/2001/XMLSchema-instance" xsi:noNamespaceSchemaLocation="https://maven.apache.org/surefire/maven-surefire-plugin/xsd/surefire-test-report-3.0.xsd" version="3.0" name="dev.allstak.AllStakConfigTest" time="0.013" tests="7" errors="0" skipped="0" failures="0">
  <properties>
[...]
</properties>
  <testcase name="hostIsAlwaysTheStaticIngestEndpoint" classname="dev.allstak.AllStakConfigTest" time="0.0"/>
  <testcase name="zeroBufferSizeThrows" classname="dev.allstak.AllStakConfigTest" time="0.004"/>
  <testcase name="zeroFlushIntervalThrows" classname="dev.allstak.AllStakConfigTest" time="0.001"/>
  <testcase name="blankApiKeyThrows" classname="dev.allstak.AllStakConfigTest" time="0.0"/>
  <testcase name="nullApiKeyThrows" classname="dev.allstak.AllStakConfigTest" time="0.001"/>
  <testcase name="defaultValues" classname="dev.allstak.AllStakConfigTest" time="0.002"/>
  <testcase name="validConfigBuilds" classname="dev.allstak.AllStakConfigTest" time="0.001"/>
</testsuite>