<?xml version="1.0" encoding="UTF-8"?>
<testsuite xmlns:xsi="http://www.w3.org/2001/XMLSchema-instance" xsi:noNamespaceSchemaLocation="https://maven.apache.org/surefire/maven-surefire-plugin/xsd/surefire-test-report-3.0.xsd" version="3.0" name="dev.allstak.DataMaskerTest" time="0.036" tests="8" errors="0" skipped="0" failures="0">
  <properties>
[...]
</properties>
  <testcase name="maskMetadata_nullReturnsNull" classname="dev.allstak.DataMaskerTest" time="0.023"/>
  <testcase name="maskMetadata_caseInsensitive" classname="dev.allstak.DataMaskerTest" time="0.001"/>
  <testcase name="maskMetadata_emptyReturnsEmpty" classname="dev.allstak.DataMaskerTest" time="0.002"/>
  <testcase name="sensitiveHeaders_detected" classname="dev.allstak.DataMaskerTest" time="0.001"/>
  <testcase name="stripSensitiveQueryParams_nullReturnsNull" classname="dev.allstak.DataMaskerTest" time="0.002"/>
  <testcase name="stripSensitiveQueryParams_preservesCleanPath" classname="dev.allstak.DataMaskerTest" time="0.001"/>
  <testcase name="masksSensitiveMetadataKeys" classname="dev.allstak.DataMaskerTest" time="0.001"/>
  <testcase name="stripSensitiveQueryParams_removesQueryString" classname="dev.allstak.DataMaskerTest" time="0.001"/>
</testsuite>