<?xml version="1.0" encoding="UTF-8"?>
<testsuite xmlns:xsi="http://www.w3.org/2001/XMLSchema-instance" xsi:noNamespaceSchemaLocation="https://maven.apache.org/surefire/maven-surefire-plugin/xsd/surefire-test-report-3.0.xsd" version="3.0" name="dev.allstak.spring.AutoInstrumentationIntegrationTest" time="2.865" tests="6" errors="0" skipped="0" failures="0">
  <properties>
[...]
</properties>
  <testcase name="webClient_isAutoInstrumented" classname="dev.allstak.spring.AutoInstrumentationIntegrationTest" time="0.783">
    <system-out><![CDATA[
  .   ____          _            __ _ _
 /\\ / ___'_ __ _ _(_)_ __  __ _ \ \ \ \
( ( )\___ | '_ | '_| | '_ \/ _` | \ \ \ \
 \\/  ___)| |_)| | | | | || (_| |  ) ) ) )
  '  |____| .__|_| |_|_| |_\__, | / / / /
 =========|_|==============|___/=/_/_/_/
 :: Spring Boot ::                (v3.2.4)

2026-04-22T18:22:35.381+03:00  INFO 92394 --- [           main] d.a.s.AutoInstrumentationIntegrationTest : Starting AutoInstrumentationIntegrationTest using Java 25 with PID 92394 (started by irovler in /Volumes/M.2/MyProjects/AllStak-Projects/sdks/allstak-java-sdk/allstak-spring-boot-starter)
2026-04-22T18:22:35.382+03:00  INFO 92394 --- [           main] d.a.s.AutoInstrumentationIntegrationTest : No active profile set, falling back to 1 default profile: "default"
2026-04-22T18:22:35.639+03:00  WARN 92394 --- [           main] trationDelegate$BeanPostProcessorChecker : Bean 'dev.allstak.spring.AllStakAutoConfiguration' of type [dev.allstak.spring.AllStakAutoConfiguration] is not eligible for getting processed by all BeanPostProcessors (for example: not eligible for auto-proxying). The currently created BeanPostProcessor [allStakRestTemplatePostProcessor] is declared through a non-static factory method on that class; consider declaring it as static instead.
2026-04-22T18:22:35.647+03:00  WARN 92394 --- [           main] trationDelegate$BeanPostProcessorChecker : Bean 'allstak-dev.allstak.spring.AllStakProperties' of type [dev.allstak.spring.AllStakProperties] is not eligible for getting processed by all BeanPostProcessors (for example: not eligible for auto-proxying). Is this bean getting eagerly injected into a currently created BeanPostProcessor [allStakRestTemplatePostProcessor]? Check the corresponding BeanPostProcessor declaration and its dependencies.
2026-04-22T18:22:35.648+03:00  WARN 92394 --- [           main] trationDelegate$BeanPostProcessorChecker : Bean 'allStakConfig' of type [dev.allstak.AllStakConfig] is not eligible for getting processed by all BeanPostProcessors (for example: not eligible for auto-proxying). Is this bean getting eagerly injected into a currently created BeanPostProcessor [allStakRestTemplatePostProcessor]? Check the corresponding BeanPostProcessor declaration and its dependencies.
2026-04-22T18:22:35.648+03:00  WARN 92394 --- [           main] trationDelegate$BeanPostProcessorChecker : Bean 'autoInstrumentationIntegrationTest.WireMockTransportConfig' of type [dev.allstak.spring.AutoInstrumentationIntegrationTest$WireMockTransportConfig$$SpringCGLIB$$0] is not eligible for getting processed by all BeanPostProcessors (for example: not eligible for auto-proxying). Is this bean getting eagerly injected into a currently created BeanPostProcessor [allStakRestTemplatePostProcessor]? Check the corresponding BeanPostProcessor declaration and its dependencies.
2026-04-22T18:22:35.664+03:00  WARN 92394 --- [           main] trationDelegate$BeanPostProcessorChecker : Bean 'allStakHttpTransport' of type [dev.allstak.transport.HttpTransport] is not eligible for getting processed by all BeanPostProcessors (for example: not eligible for auto-proxying). Is this bean getting eagerly injected into a currently created BeanPostProcessor [allStakRestTemplatePostProcessor]? Check the corresponding BeanPostProcessor declaration and its dependencies.
2026-04-22T18:22:35.666+03:00  INFO 92394 --- [           main] dev.allstak.sdk                          : [AllStak SDK DEBUG] Flush worker started for 'logs' with 200ms interval
2026-04-22T18:22:35.667+03:00  INFO 92394 --- [           main] dev.allstak.sdk                          : [AllStak SDK DEBUG] Flush worker started for 'http-requests' with 200ms interval
2026-04-22T18:22:35.667+03:00  INFO 92394 --- [           main] dev.allstak.sdk                          : [AllStak SDK DEBUG] Flush worker started for 'db-queries' with 200ms interval
2026-04-22T18:22:35.667+03:00  INFO 92394 --- [           main] dev.allstak.sdk                          : [AllStak SDK DEBUG] AllStak SDK initialized — host=https://api.allstak.sa, env=auto-test, release=v1.0.0-auto
2026-04-22T18:22:35.667+03:00  INFO 92394 --- [           main] dev.allstak.sdk                          : [AllStak SDK DEBUG] AllStak client bean created and registered with static facade
2026-04-22T18:22:35.668+03:00  WARN 92394 --- [           main] trationDelegate$BeanPostProcessorChecker : Bean 'allStakClient' of type [dev.allstak.AllStakClient] is not eligible for getting processed by all BeanPostProcessors (for example: not eligible for auto-proxying). Is this bean getting eagerly injected into a currently created BeanPostProcessor [allStakRestTemplatePostProcessor]? Check the corresponding BeanPostProcessor declaration and its dependencies.
2026-04-22T18:22:35.669+03:00  WARN 92394 --- [           main] trationDelegate$BeanPostProcessorChecker : Bean 'allStakRestTemplateInterceptor' of type [dev.allstak.spring.AllStakRestTemplateInterceptor] is not eligible for getting processed by all BeanPostProcessors (for example: not eligible for auto-proxying). Is this bean getting eagerly injected into a currently created BeanPostProcessor [allStakRestTemplatePostProcessor]? Check the corresponding BeanPostProcessor declaration and its dependencies.
2026-04-22T18:22:35.723+03:00  INFO 92394 --- [           main] dev.allstak.sdk                          : [AllStak SDK DEBUG] AllStak attached outbound interceptor to RestTemplate bean '%s'
2026-04-22T18:22:35.843+03:00 ERROR 92394 --- [           main] i.n.r.d.DnsServerAddressStreamProviders  : Unable to load io.netty.resolver.dns.macos.MacOSDnsServerAddressStreamProvider, fallback to system defaults. This may result in incorrect DNS resolutions on MacOS. Check whether you have a dependency on 'io.netty:netty-resolver-dns-native-macos'. Use DEBUG level to see the full stack: java.lang.UnsatisfiedLinkError: failed to load the required native library
2026-04-22T18:22:35.880+03:00  INFO 92394 --- [           main] dev.allstak.sdk                          : [AllStak SDK DEBUG] AllStak wrapped @Scheduled methods on '%s'
2026-04-22T18:22:35.936+03:00  INFO 92394 --- [           main] dev.allstak.sdk                          : [AllStak SDK DEBUG] AllStak Logback appender registered
2026-04-22T18:22:35.972+03:00  INFO 92394 --- [           main] d.a.s.AutoInstrumentationIntegrationTest : Started AutoInstrumentationIntegrationTest in 0.712 seconds (process running for 1.624)
2026-04-22T18:22:36.204+03:00  INFO 92394 --- [   scheduling-1] dev.allstak.sdk                          : [AllStak SDK DEBUG] Sending to http://localhost:55161/ingest/v1/heartbeat: {"slug":"scheduled-hit-counter-tick","status":"success","durationMs":0,"environment":"auto-test","release":"v1.0.0-auto"}
2026-04-22T18:22:36.340+03:00  INFO 92394 --- [   scheduling-1] dev.allstak.sdk                          : [AllStak SDK DEBUG] Response from http://localhost:55161/ingest/v1/heartbeat: 202 {"success":true,"data":{"id":"test-uuid"}}
2026-04-22T18:22:36.373+03:00  INFO 92394 --- [   scheduling-1] dev.allstak.sdk                          : [AllStak SDK DEBUG] Sending to http://localhost:55161/ingest/v1/heartbeat: {"slug":"scheduled-hit-counter-boom","status":"failed","durationMs":0,"message":"scheduled boom","environment":"auto-test","release":"v1.0.0-auto"}
2026-04-22T18:22:36.376+03:00  INFO 92394 --- [   scheduling-1] dev.allstak.sdk                          : [AllStak SDK DEBUG] Response from http://localhost:55161/ingest/v1/heartbeat: 202 {"success":true,"data":{"id":"test-uuid"}}
2026-04-22T18:22:36.377+03:00 ERROR 92394 --- [   scheduling-1] o.s.s.s.TaskUtils$LoggingErrorHandler    : Unexpected error occurred in scheduled task

java.lang.IllegalStateException: scheduled boom
	at dev.allstak.spring.AutoInstrumentationIntegrationTest$ScheduledHitCounter.boom(AutoInstrumentationIntegrationTest.java:296) ~[test-classes/:na]
	at java.base/jdk.internal.reflect.DirectMethodHandleAccessor.invoke(DirectMethodHandleAccessor.java:104) ~[na:na]
	at java.base/java.lang.reflect.Method.invoke(Method.java:565) ~[na:na]
	at org.springframework.aop.support.AopUtils.invokeJoinpointUsingReflection(AopUtils.java:351) ~[spring-aop-6.1.5.jar:6.1.5]
	at org.springframework.aop.framework.ReflectiveMethodInvocation.invokeJoinpoint(ReflectiveMethodInvocation.java:196) ~[spring-aop-6.1.5.jar:6.1.5]
	at org.springframework.aop.framework.ReflectiveMethodInvocation.proceed(ReflectiveMethodInvocation.java:163) ~[spring-aop-6.1.5.jar:6.1.5]
	at org.springframework.aop.framework.CglibAopProxy$CglibMethodInvocation.proceed(CglibAopProxy.java:765) ~[spring-aop-6.1.5.jar:6.1.5]
	at dev.allstak.spring.AllStakScheduledPostProcessor.runWithHeartbeat(AllStakScheduledPostProcessor.java:95) ~[classes/:na]
	at dev.allstak.spring.AllStakScheduledPostProcessor.lambda$postProcessAfterInitialization$0(AllStakScheduledPostProcessor.java:82) ~[classes/:na]
	at org.springframework.aop.framework.ReflectiveMethodInvocation.proceed(ReflectiveMethodInvocation.java:184) ~[spring-aop-6.1.5.jar:6.1.5]
	at org.springframework.aop.framework.CglibAopProxy$CglibMethodInvocation.proceed(CglibAopProxy.java:765) ~[spring-aop-6.1.5.jar:6.1.5]
	at org.springframework.aop.framework.CglibAopProxy$DynamicAdvisedInterceptor.intercept(CglibAopProxy.java:717) ~[spring-aop-6.1.5.jar:6.1.5]
	at dev.allstak.spring.AutoInstrumentationIntegrationTest$ScheduledHitCounter$$SpringCGLIB$$0.boom(<generated>) ~[test-classes/:na]
	at java.base/jdk.internal.reflect.DirectMethodHandleAccessor.invoke(DirectMethodHandleAccessor.java:104) ~[na:na]
	at java.base/java.lang.reflect.Method.invoke(Method.java:565) ~[na:na]
	at org.springframework.scheduling.support.ScheduledMethodRunnable.runInternal(ScheduledMethodRunnable.java:130) ~[spring-context-6.1.5.jar:6.1.5]
	at org.springframework.scheduling.support.ScheduledMethodRunnable.lambda$run$2(ScheduledMethodRunnable.java:124) ~[spring-context-6.1.5.jar:6.1.5]
	at io.micrometer.observation.Observation.observe(Observation.java:499) ~[micrometer-observation-1.12.4.jar:1.12.4]
	at org.springframework.scheduling.support.ScheduledMethodRunnable.run(ScheduledMethodRunnable.java:124) ~[spring-context-6.1.5.jar:6.1.5]
	at org.springframework.scheduling.support.DelegatingErrorHandlingRunnable.run(DelegatingErrorHandlingRunnable.java:54) ~[spring-context-6.1.5.jar:6.1.5]
	at java.base/java.util.concurrent.Executors$RunnableAdapter.call(Executors.java:545) ~[na:na]
	at java.base/java.util.concurrent.FutureTask.runAndReset(FutureTask.java:369) ~[na:na]
	at java.base/java.util.concurrent.ScheduledThreadPoolExecutor$ScheduledFutureTask.run(ScheduledThreadPoolExecutor.java:310) ~[na:na]
	at java.base/java.util.concurrent.ThreadPoolExecutor.runWorker(ThreadPoolExecutor.java:1090) ~[na:na]
	at java.base/java.util.concurrent.ThreadPoolExecutor$Worker.run(ThreadPoolExecutor.java:614) ~[na:na]
	at java.base/java.lang.Thread.run(Thread.java:1474) ~[na:na]

2026-04-22T18:22:36.467+03:00  INFO 92394 --- [stak-flush-logs] dev.allstak.sdk                          : [AllStak SDK DEBUG] Flushing 1 logs item(s)
2026-04-22T18:22:36.468+03:00  INFO 92394 --- [stak-flush-logs] dev.allstak.sdk                          : [AllStak SDK DEBUG] Sending to http://localhost:55161/ingest/v1/logs: {"level":"error","message":"Unexpected error occurred in scheduled task\njava.lang.IllegalStateException: scheduled boom\n  at at dev.allstak.spring.AutoInstrumentationIntegrationTest$ScheduledHitCounter.boom(AutoInstrumentationIntegrationTest.java:296)\n  at at java.base/jdk.internal.reflect.DirectMethodHandleAccessor.invoke(DirectMethodHandleAccessor.java:104)\n  at at java.base/java.lang.reflect.Method.invoke(Method.java:565)\n  at at org.springframework.aop.support.AopUtils.invokeJoinpointUsingReflection(AopUtils.java:351)\n  at at org.springframework.aop.framework.ReflectiveMethodInvocation.invokeJoinpoint(ReflectiveMethodInvocation.java:196)\n  at at org.springframework.aop.framework.ReflectiveMethodInvocation.proceed(ReflectiveMethodInvocation.java:163)\n  at at org.springframework.aop.framework.CglibAopProxy$CglibMethodInvocation.proceed(CglibAopProxy.java:765)\n  at at dev.allstak.spring.AllStakScheduledPostProcessor.runWithHeartbeat(AllStakScheduledPostProcessor.java:95)\n  at at dev.allstak.spring.AllStakScheduledPostProcessor.lambda$postProcessAfterInitialization$0(AllStakScheduledPostProcessor.java:82)\n  at at org.springframework.aop.framework.ReflectiveMethodInvocation.proceed(ReflectiveMethodInvocation.java:184)\n  at at org.springframework.aop.framework.CglibAopProxy$CglibMethodInvocation.proceed(CglibAopProxy.java:765)\n  at at org.springframework.aop.framework.CglibAopProxy$DynamicAdvisedInterceptor.intercept(CglibAopProxy.java:717)\n  at at dev.allstak.spring.AutoInstrumentationIntegrationTest$ScheduledHitCounter$$SpringCGLIB$$0.boom(<generated>)\n  at at java.base/jdk.internal.reflect.DirectMethodHandleAccessor.invoke(DirectMethodHandleAccessor.java:104)\n  at at java.base/java.lang.reflect.Method.invoke(Method.java:565)\n  at at org.springframework.scheduling.support.ScheduledMethodRunnable.runInternal(ScheduledMethodRunnable.java:130)\n  at at org.springframework.scheduling.support.ScheduledMethodRunnable.lambda$run$2(ScheduledMethodRunnable.java:124)\n  at at io.micrometer.observation.Observation.observe(Observation.java:499)\n  at at org.springframework.scheduling.support.ScheduledMethodRunnable.run(ScheduledMethodRunnable.java:124)\n  at at org.springframework.scheduling.support.DelegatingErrorHandlingRunnable.run(DelegatingErrorHandlingRunnable.java:54)\n  at at java.base/java.util.concurrent.Executors$RunnableAdapter.call(Executors.java:545)\n  at at java.base/java.util.concurrent.FutureTask.runAndReset(FutureTask.java:369)\n  at at java.base/java.util.concurrent.ScheduledThreadPoolExecutor$ScheduledFutureTask.run(ScheduledThreadPoolExecutor.java:310)\n  at at java.base/java.util.concurrent.ThreadPoolExecutor.runWorker(ThreadPoolExecutor.java:1090)\n  at at java.base/java.util.concurrent.ThreadPoolExecutor$Worker.run(ThreadPoolExecutor.java:614)\n  at at java.base/java.lang.Thread.run(Thread.java:1474)","service":"auto-test","environment":"auto-test","release":"v1.0.0-auto"}
2026-04-22T18:22:36.471+03:00  INFO 92394 --- [stak-flush-logs] dev.allstak.sdk                          : [AllStak SDK DEBUG] Response from http://localhost:55161/ingest/v1/logs: 202 {"success":true,"data":{"id":"test-uuid"}}
2026-04-22T18:22:36.668+03:00  INFO 92394 --- [h-http-requests] dev.allstak.sdk                          : [AllStak SDK DEBUG] Flushing 1 http-requests item(s)
2026-04-22T18:22:36.671+03:00  INFO 92394 --- [h-http-requests] dev.allstak.sdk                          : [AllStak SDK DEBUG] Sending to http://localhost:55161/ingest/v1/http-requests: {"requests":[{"traceId":"073712d5-ac11-421f-8d59-6e96148ed6d8","spanId":"c74c6dc3-5666-49","direction":"outbound","method":"GET","host":"localhost","path":"/hello","statusCode":200,"durationMs":91,"requestSize":0,"responseSize":0,"timestamp":"2026-04-22T15:22:36.499499Z","environment":"auto-test","release":"v1.0.0-auto"}]}
2026-04-22T18:22:36.673+03:00  INFO 92394 --- [h-http-requests] dev.allstak.sdk                          : [AllStak SDK DEBUG] Response from http://localhost:55161/ingest/v1/http-requests: 202 {"success":true,"data":{"id":"test-uuid"}}
]]></system-out>
    <system-err><![CDATA[WARNING: A Java agent has been loaded dynamically (/Users/irovler/.m2/repository/net/bytebuddy/byte-buddy-agent/1.14.12/byte-buddy-agent-1.14.12.jar)
WARNING: If a serviceability tool is in use, please run with -XX:+EnableDynamicAgentLoading to hide this warning
WARNING: If a serviceability tool is not in use, please run with -Djdk.instrument.traceUsage for more information
WARNING: Dynamic loading of agents will be disallowed by default in a future release
]]></system-err>
  </testcase>
  <testcase name="scheduledMethod_failureEmitsFailedHeartbeatAndReraises" classname="dev.allstak.spring.AutoInstrumentationIntegrationTest" time="0.22">
    <system-out><![CDATA[2026-04-22T18:22:36.841+03:00  INFO 92394 --- [   scheduling-1] dev.allstak.sdk                          : [AllStak SDK DEBUG] Sending to http://localhost:55161/ingest/v1/heartbeat: {"slug":"scheduled-hit-counter-tick","status":"success","durationMs":0,"environment":"auto-test","release":"v1.0.0-auto"}
2026-04-22T18:22:36.844+03:00  INFO 92394 --- [   scheduling-1] dev.allstak.sdk                          : [AllStak SDK DEBUG] Response from http://localhost:55161/ingest/v1/heartbeat: 202 {"success":true,"data":{"id":"test-uuid"}}
2026-04-22T18:22:36.881+03:00  INFO 92394 --- [   scheduling-1] dev.allstak.sdk                          : [AllStak SDK DEBUG] Sending to http://localhost:55161/ingest/v1/heartbeat: {"slug":"scheduled-hit-counter-boom","status":"failed","durationMs":0,"message":"scheduled boom","environment":"auto-test","release":"v1.0.0-auto"}
2026-04-22T18:22:36.884+03:00  INFO 92394 --- [   scheduling-1] dev.allstak.sdk                          : [AllStak SDK DEBUG] Response from http://localhost:55161/ingest/v1/heartbeat: 202 {"success":true,"data":{"id":"test-uuid"}}
2026-04-22T18:22:36.884+03:00 ERROR 92394 --- [   scheduling-1] o.s.s.s.TaskUtils$LoggingErrorHandler    : Unexpected error occurred in scheduled task

java.lang.IllegalStateException: scheduled boom
	at dev.allstak.spring.AutoInstrumentationIntegrationTest$ScheduledHitCounter.boom(AutoInstrumentationIntegrationTest.java:296) ~[test-classes/:na]
	at java.base/jdk.internal.reflect.DirectMethodHandleAccessor.invoke(DirectMethodHandleAccessor.java:104) ~[na:na]
	at java.base/java.lang.reflect.Method.invoke(Method.java:565) ~[na:na]
	at org.springframework.aop.support.AopUtils.invokeJoinpointUsingReflection(AopUtils.java:351) ~[spring-aop-6.1.5.jar:6.1.5]
	at org.springframework.aop.framework.ReflectiveMethodInvocation.invokeJoinpoint(ReflectiveMethodInvocation.java:196) ~[spring-aop-6.1.5.jar:6.1.5]
	at org.springframework.aop.framework.ReflectiveMethodInvocation.proceed(ReflectiveMethodInvocation.java:163) ~[spring-aop-6.1.5.jar:6.1.5]
	at org.springframework.aop.framework.CglibAopProxy$CglibMethodInvocation.proceed(CglibAopProxy.java:765) ~[spring-aop-6.1.5.jar:6.1.5]
	at dev.allstak.spring.AllStakScheduledPostProcessor.runWithHeartbeat(AllStakScheduledPostProcessor.java:95) ~[classes/:na]
	at dev.allstak.spring.AllStakScheduledPostProcessor.lambda$postProcessAfterInitialization$0(AllStakScheduledPostProcessor.java:82) ~[classes/:na]
	at org.springframework.aop.framework.ReflectiveMethodInvocation.proceed(ReflectiveMethodInvocation.java:184) ~[spring-aop-6.1.5.jar:6.1.5]
	at org.springframework.aop.framework.CglibAopProxy$CglibMethodInvocation.proceed(CglibAopProxy.java:765) ~[spring-aop-6.1.5.jar:6.1.5]
	at org.springframework.aop.framework.CglibAopProxy$DynamicAdvisedInterceptor.intercept(CglibAopProxy.java:717) ~[spring-aop-6.1.5.jar:6.1.5]
	at dev.allstak.spring.AutoInstrumentationIntegrationTest$ScheduledHitCounter$$SpringCGLIB$$0.boom(<generated>) ~[test-classes/:na]
	at java.base/jdk.internal.reflect.DirectMethodHandleAccessor.invoke(DirectMethodHandleAccessor.java:104) ~[na:na]
	at java.base/java.lang.reflect.Method.invoke(Method.java:565) ~[na:na]
	at org.springframework.scheduling.support.ScheduledMethodRunnable.runInternal(ScheduledMethodRunnable.java:130) ~[spring-context-6.1.5.jar:6.1.5]
	at org.springframework.scheduling.support.ScheduledMethodRunnable.lambda$run$2(ScheduledMethodRunnable.java:124) ~[spring-context-6.1.5.jar:6.1.5]
	at io.micrometer.observation.Observation.observe(Observation.java:499) ~[micrometer-observation-1.12.4.jar:1.12.4]
	at org.springframework.scheduling.support.ScheduledMethodRunnable.run(ScheduledMethodRunnable.java:124) ~[spring-context-6.1.5.jar:6.1.5]
	at org.springframework.scheduling.support.DelegatingErrorHandlingRunnable.run(DelegatingErrorHandlingRunnable.java:54) ~[spring-context-6.1.5.jar:6.1.5]
	at java.base/java.util.concurrent.Executors$RunnableAdapter.call(Executors.java:545) ~[na:na]
	at java.base/java.util.concurrent.FutureTask.runAndReset(FutureTask.java:369) ~[na:na]
	at java.base/java.util.concurrent.ScheduledThreadPoolExecutor$ScheduledFutureTask.run(ScheduledThreadPoolExecutor.java:310) ~[na:na]
	at java.base/java.util.concurrent.ThreadPoolExecutor.runWorker(ThreadPoolExecutor.java:1090) ~[na:na]
	at java.base/java.util.concurrent.ThreadPoolExecutor$Worker.run(ThreadPoolExecutor.java:614) ~[na:na]
	at java.base/java.lang.Thread.run(Thread.java:1474) ~[na:na]

]]></system-out>
  </testcase>
  <testcase name="webClient_failurePath_doesNotCrashAndStillRecords" classname="dev.allstak.spring.AutoInstrumentationIntegrationTest" time="0.119">
    <system-out><![CDATA[2026-04-22T18:22:37.067+03:00  INFO 92394 --- [stak-flush-logs] dev.allstak.sdk                          : [AllStak SDK DEBUG] Flushing 1 logs item(s)
2026-04-22T18:22:37.067+03:00  INFO 92394 --- [stak-flush-logs] dev.allstak.sdk                          : [AllStak SDK DEBUG] Sending to http://localhost:55161/ingest/v1/logs: {"level":"error","message":"Unexpected error occurred in scheduled task\njava.lang.IllegalStateException: scheduled boom\n  at at dev.allstak.spring.AutoInstrumentationIntegrationTest$ScheduledHitCounter.boom(AutoInstrumentationIntegrationTest.java:296)\n  at at java.base/jdk.internal.reflect.DirectMethodHandleAccessor.invoke(DirectMethodHandleAccessor.java:104)\n  at at java.base/java.lang.reflect.Method.invoke(Method.java:565)\n  at at org.springframework.aop.support.AopUtils.invokeJoinpointUsingReflection(AopUtils.java:351)\n  at at org.springframework.aop.framework.ReflectiveMethodInvocation.invokeJoinpoint(ReflectiveMethodInvocation.java:196)\n  at at org.springframework.aop.framework.ReflectiveMethodInvocation.proceed(ReflectiveMethodInvocation.java:163)\n  at at org.springframework.aop.framework.CglibAopProxy$CglibMethodInvocation.proceed(CglibAopProxy.java:765)\n  at at dev.allstak.spring.AllStakScheduledPostProcessor.runWithHeartbeat(AllStakScheduledPostProcessor.java:95)\n  at at dev.allstak.spring.AllStakScheduledPostProcessor.lambda$postProcessAfterInitialization$0(AllStakScheduledPostProcessor.java:82)\n  at at org.springframework.aop.framework.ReflectiveMethodInvocation.proceed(ReflectiveMethodInvocation.java:184)\n  at at org.springframework.aop.framework.CglibAopProxy$CglibMethodInvocation.proceed(CglibAopProxy.java:765)\n  at at org.springframework.aop.framework.CglibAopProxy$DynamicAdvisedInterceptor.intercept(CglibAopProxy.java:717)\n  at at dev.allstak.spring.AutoInstrumentationIntegrationTest$ScheduledHitCounter$$SpringCGLIB$$0.boom(<generated>)\n  at at java.base/jdk.internal.reflect.DirectMethodHandleAccessor.invoke(DirectMethodHandleAccessor.java:104)\n  at at java.base/java.lang.reflect.Method.invoke(Method.java:565)\n  at at org.springframework.scheduling.support.ScheduledMethodRunnable.runInternal(ScheduledMethodRunnable.java:130)\n  at at org.springframework.scheduling.support.ScheduledMethodRunnable.lambda$run$2(ScheduledMethodRunnable.java:124)\n  at at io.micrometer.observation.Observation.observe(Observation.java:499)\n  at at org.springframework.scheduling.support.ScheduledMethodRunnable.run(ScheduledMethodRunnable.java:124)\n  at at org.springframework.scheduling.support.DelegatingErrorHandlingRunnable.run(DelegatingErrorHandlingRunnable.java:54)\n  at at java.base/java.util.concurrent.Executors$RunnableAdapter.call(Executors.java:545)\n  at at java.base/java.util.concurrent.FutureTask.runAndReset(FutureTask.java:369)\n  at at java.base/java.util.concurrent.ScheduledThreadPoolExecutor$ScheduledFutureTask.run(ScheduledThreadPoolExecutor.java:310)\n  at at java.base/java.util.concurrent.ThreadPoolExecutor.runWorker(ThreadPoolExecutor.java:1090)\n  at at java.base/java.util.concurrent.ThreadPoolExecutor$Worker.run(ThreadPoolExecutor.java:614)\n  at at java.base/java.lang.Thread.run(Thread.java:1474)","service":"auto-test","environment":"auto-test","release":"v1.0.0-auto"}
2026-04-22T18:22:37.068+03:00  INFO 92394 --- [h-http-requests] dev.allstak.sdk                          : [AllStak SDK DEBUG] Flushing 1 http-requests item(s)
2026-04-22T18:22:37.068+03:00  INFO 92394 --- [h-http-requests] dev.allstak.sdk                          : [AllStak SDK DEBUG] Sending to http://localhost:55161/ingest/v1/http-requests: {"requests":[{"traceId":"9d3a8612-ff96-41ed-a4b1-48e78c2d2478","spanId":"f7883ff7-90f6-44","direction":"outbound","method":"GET","host":"127.0.0.1","path":"/definitely-not-listening","statusCode":0,"durationMs":7,"requestSize":0,"responseSize":0,"errorFingerprint":"org.springframework.web.reactive.function.client.WebClientRequestException","timestamp":"2026-04-22T15:22:36.991339Z","environment":"auto-test","release":"v1.0.0-auto"}]}
2026-04-22T18:22:37.071+03:00  INFO 92394 --- [stak-flush-logs] dev.allstak.sdk                          : [AllStak SDK DEBUG] Response from http://localhost:55161/ingest/v1/logs: 202 {"success":true,"data":{"id":"test-uuid"}}
2026-04-22T18:22:37.071+03:00  INFO 92394 --- [h-http-requests] dev.allstak.sdk                          : [AllStak SDK DEBUG] Response from http://localhost:55161/ingest/v1/http-requests: 202 {"success":true,"data":{"id":"test-uuid"}}
]]></system-out>
  </testcase>
  <testcase name="restTemplate_builderPath_isAutoInstrumented" classname="dev.allstak.spring.AutoInstrumentationIntegrationTest" time="0.239">
    <system-out><![CDATA[2026-04-22T18:22:37.268+03:00  INFO 92394 --- [h-http-requests] dev.allstak.sdk                          : [AllStak SDK DEBUG] Flushing 1 http-requests item(s)
2026-04-22T18:22:37.268+03:00  INFO 92394 --- [h-http-requests] dev.allstak.sdk                          : [AllStak SDK DEBUG] Sending to http://localhost:55161/ingest/v1/http-requests: {"requests":[{"traceId":"906107a7-db29-435a-b855-a355b6610b41","spanId":"e2c6bb3f-6c9b-4b","direction":"outbound","method":"GET","host":"localhost","path":"/hello","statusCode":200,"durationMs":7,"requestSize":0,"responseSize":0,"timestamp":"2026-04-22T15:22:37.114424Z","environment":"auto-test","release":"v1.0.0-auto"}]}
2026-04-22T18:22:37.271+03:00  INFO 92394 --- [h-http-requests] dev.allstak.sdk                          : [AllStak SDK DEBUG] Response from http://localhost:55161/ingest/v1/http-requests: 202 {"success":true,"data":{"id":"test-uuid"}}
]]></system-out>
  </testcase>
  <testcase name="scheduledMethod_successEmitsHeartbeatAutomatically" classname="dev.allstak.spring.AutoInstrumentationIntegrationTest" time="0.107">
    <system-out><![CDATA[2026-04-22T18:22:37.345+03:00  INFO 92394 --- [   scheduling-1] dev.allstak.sdk                          : [AllStak SDK DEBUG] Sending to http://localhost:55161/ingest/v1/heartbeat: {"slug":"scheduled-hit-counter-tick","status":"success","durationMs":0,"environment":"auto-test","release":"v1.0.0-auto"}
2026-04-22T18:22:37.347+03:00  INFO 92394 --- [   scheduling-1] dev.allstak.sdk                          : [AllStak SDK DEBUG] Response from http://localhost:55161/ingest/v1/heartbeat: 202 {"success":true,"data":{"id":"test-uuid"}}
2026-04-22T18:22:37.386+03:00  INFO 92394 --- [   scheduling-1] dev.allstak.sdk                          : [AllStak SDK DEBUG] Sending to http://localhost:55161/ingest/v1/heartbeat: {"slug":"scheduled-hit-counter-boom","status":"failed","durationMs":1,"message":"scheduled boom","environment":"auto-test","release":"v1.0.0-auto"}
2026-04-22T18:22:37.388+03:00  INFO 92394 --- [   scheduling-1] dev.allstak.sdk                          : [AllStak SDK DEBUG] Response from http://localhost:55161/ingest/v1/heartbeat: 202 {"success":true,"data":{"id":"test-uuid"}}
2026-04-22T18:22:37.388+03:00 ERROR 92394 --- [   scheduling-1] o.s.s.s.TaskUtils$LoggingErrorHandler    : Unexpected error occurred in scheduled task

java.lang.IllegalStateException: scheduled boom
	at dev.allstak.spring.AutoInstrumentationIntegrationTest$ScheduledHitCounter.boom(AutoInstrumentationIntegrationTest.java:296) ~[test-classes/:na]
	at java.base/jdk.internal.reflect.DirectMethodHandleAccessor.invoke(DirectMethodHandleAccessor.java:104) ~[na:na]
	at java.base/java.lang.reflect.Method.invoke(Method.java:565) ~[na:na]
	at org.springframework.aop.support.AopUtils.invokeJoinpointUsingReflection(AopUtils.java:351) ~[spring-aop-6.1.5.jar:6.1.5]
	at org.springframework.aop.framework.ReflectiveMethodInvocation.invokeJoinpoint(ReflectiveMethodInvocation.java:196) ~[spring-aop-6.1.5.jar:6.1.5]
	at org.springframework.aop.framework.ReflectiveMethodInvocation.proceed(ReflectiveMethodInvocation.java:163) ~[spring-aop-6.1.5.jar:6.1.5]
	at org.springframework.aop.framework.CglibAopProxy$CglibMethodInvocation.proceed(CglibAopProxy.java:765) ~[spring-aop-6.1.5.jar:6.1.5]
	at dev.allstak.spring.AllStakScheduledPostProcessor.runWithHeartbeat(AllStakScheduledPostProcessor.java:95) ~[classes/:na]
	at dev.allstak.spring.AllStakScheduledPostProcessor.lambda$postProcessAfterInitialization$0(AllStakScheduledPostProcessor.java:82) ~[classes/:na]
	at org.springframework.aop.framework.ReflectiveMethodInvocation.proceed(ReflectiveMethodInvocation.java:184) ~[spring-aop-6.1.5.jar:6.1.5]
	at org.springframework.aop.framework.CglibAopProxy$CglibMethodInvocation.proceed(CglibAopProxy.java:765) ~[spring-aop-6.1.5.jar:6.1.5]
	at org.springframework.aop.framework.CglibAopProxy$DynamicAdvisedInterceptor.intercept(CglibAopProxy.java:717) ~[spring-aop-6.1.5.jar:6.1.5]
	at dev.allstak.spring.AutoInstrumentationIntegrationTest$ScheduledHitCounter$$SpringCGLIB$$0.boom(<generated>) ~[test-classes/:na]
	at java.base/jdk.internal.reflect.DirectMethodHandleAccessor.invoke(DirectMethodHandleAccessor.java:104) ~[na:na]
	at java.base/java.lang.reflect.Method.invoke(Method.java:565) ~[na:na]
	at org.springframework.scheduling.support.ScheduledMethodRunnable.runInternal(ScheduledMethodRunnable.java:130) ~[spring-context-6.1.5.jar:6.1.5]
	at org.springframework.scheduling.support.ScheduledMethodRunnable.lambda$run$2(ScheduledMethodRunnable.java:124) ~[spring-context-6.1.5.jar:6.1.5]
	at io.micrometer.observation.Observation.observe(Observation.java:499) ~[micrometer-observation-1.12.4.jar:1.12.4]
	at org.springframework.scheduling.support.ScheduledMethodRunnable.run(ScheduledMethodRunnable.java:124) ~[spring-context-6.1.5.jar:6.1.5]
	at org.springframework.scheduling.support.DelegatingErrorHandlingRunnable.run(DelegatingErrorHandlingRunnable.java:54) ~[spring-context-6.1.5.jar:6.1.5]
	at java.base/java.util.concurrent.Executors$RunnableAdapter.call(Executors.java:545) ~[na:na]
	at java.base/java.util.concurrent.FutureTask.runAndReset(FutureTask.java:369) ~[na:na]
	at java.base/java.util.concurrent.ScheduledThreadPoolExecutor$ScheduledFutureTask.run(ScheduledThreadPoolExecutor.java:310) ~[na:na]
	at java.base/java.util.concurrent.ThreadPoolExecutor.runWorker(ThreadPoolExecutor.java:1090) ~[na:na]
	at java.base/java.util.concurrent.ThreadPoolExecutor$Worker.run(ThreadPoolExecutor.java:614) ~[na:na]
	at java.base/java.lang.Thread.run(Thread.java:1474) ~[na:na]

]]></system-out>
  </testcase>
  <testcase name="restTemplate_directConstructionPath_isAutoInstrumented" classname="dev.allstak.spring.AutoInstrumentationIntegrationTest" time="0.106">
    <system-out><![CDATA[2026-04-22T18:22:37.467+03:00  INFO 92394 --- [h-http-requests] dev.allstak.sdk                          : [AllStak SDK DEBUG] Flushing 1 http-requests item(s)
2026-04-22T18:22:37.467+03:00  INFO 92394 --- [stak-flush-logs] dev.allstak.sdk                          : [AllStak SDK DEBUG] Flushing 1 logs item(s)
2026-04-22T18:22:37.467+03:00  INFO 92394 --- [h-http-requests] dev.allstak.sdk                          : [AllStak SDK DEBUG] Sending to http://localhost:55161/ingest/v1/http-requests: {"requests":[{"traceId":"67dbc2ce-2caa-479a-a06c-91f4dba86e55","spanId":"8351c7c8-a264-4f","direction":"outbound","method":"GET","host":"localhost","path":"/hello","statusCode":200,"durationMs":2,"requestSize":0,"responseSize":0,"timestamp":"2026-04-22T15:22:37.452168Z","environment":"auto-test","release":"v1.0.0-auto"}]}
2026-04-22T18:22:37.467+03:00  INFO 92394 --- [stak-flush-logs] dev.allstak.sdk                          : [AllStak SDK DEBUG] Sending to http://localhost:55161/ingest/v1/logs: {"level":"error","message":"Unexpected error occurred in scheduled task\njava.lang.IllegalStateException: scheduled boom\n  at at dev.allstak.spring.AutoInstrumentationIntegrationTest$ScheduledHitCounter.boom(AutoInstrumentationIntegrationTest.java:296)\n  at at java.base/jdk.internal.reflect.DirectMethodHandleAccessor.invoke(DirectMethodHandleAccessor.java:104)\n  at at java.base/java.lang.reflect.Method.invoke(Method.java:565)\n  at at org.springframework.aop.support.AopUtils.invokeJoinpointUsingReflection(AopUtils.java:351)\n  at at org.springframework.aop.framework.ReflectiveMethodInvocation.invokeJoinpoint(ReflectiveMethodInvocation.java:196)\n  at at org.springframework.aop.framework.ReflectiveMethodInvocation.proceed(ReflectiveMethodInvocation.java:163)\n  at at org.springframework.aop.framework.CglibAopProxy$CglibMethodInvocation.proceed(CglibAopProxy.java:765)\n  at at dev.allstak.spring.AllStakScheduledPostProcessor.runWithHeartbeat(AllStakScheduledPostProcessor.java:95)\n  at at dev.allstak.spring.AllStakScheduledPostProcessor.lambda$postProcessAfterInitialization$0(AllStakScheduledPostProcessor.java:82)\n  at at org.springframework.aop.framework.ReflectiveMethodInvocation.proceed(ReflectiveMethodInvocation.java:184)\n  at at org.springframework.aop.framework.CglibAopProxy$CglibMethodInvocation.proceed(CglibAopProxy.java:765)\n  at at org.springframework.aop.framework.CglibAopProxy$DynamicAdvisedInterceptor.intercept(CglibAopProxy.java:717)\n  at at dev.allstak.spring.AutoInstrumentationIntegrationTest$ScheduledHitCounter$$SpringCGLIB$$0.boom(<generated>)\n  at at java.base/jdk.internal.reflect.DirectMethodHandleAccessor.invoke(DirectMethodHandleAccessor.java:104)\n  at at java.base/java.lang.reflect.Method.invoke(Method.java:565)\n  at at org.springframework.scheduling.support.ScheduledMethodRunnable.runInternal(ScheduledMethodRunnable.java:130)\n  at at org.springframework.scheduling.support.ScheduledMethodRunnable.lambda$run$2(ScheduledMethodRunnable.java:124)\n  at at io.micrometer.observation.Observation.observe(Observation.java:499)\n  at at org.springframework.scheduling.support.ScheduledMethodRunnable.run(ScheduledMethodRunnable.java:124)\n  at at org.springframework.scheduling.support.DelegatingErrorHandlingRunnable.run(DelegatingErrorHandlingRunnable.java:54)\n  at at java.base/java.util.concurrent.Executors$RunnableAdapter.call(Executors.java:545)\n  at at java.base/java.util.concurrent.FutureTask.runAndReset(FutureTask.java:369)\n  at at java.base/java.util.concurrent.ScheduledThreadPoolExecutor$ScheduledFutureTask.run(ScheduledThreadPoolExecutor.java:310)\n  at at java.base/java.util.concurrent.ThreadPoolExecutor.runWorker(ThreadPoolExecutor.java:1090)\n  at at java.base/java.util.concurrent.ThreadPoolExecutor$Worker.run(ThreadPoolExecutor.java:614)\n  at at java.base/java.lang.Thread.run(Thread.java:1474)","service":"auto-test","environment":"auto-test","release":"v1.0.0-auto"}
2026-04-22T18:22:37.470+03:00  INFO 92394 --- [stak-flush-logs] dev.allstak.sdk                          : [AllStak SDK DEBUG] Response from http://localhost:55161/ingest/v1/logs: 202 {"success":true,"data":{"id":"test-uuid"}}
2026-04-22T18:22:37.470+03:00  INFO 92394 --- [h-http-requests] dev.allstak.sdk                          : [AllStak SDK DEBUG] Response from http://localhost:55161/ingest/v1/http-requests: 202 {"success":true,"data":{"id":"test-uuid"}}
]]></system-out>
  </testcase>
</testsuite>