<?xml version="1.0" encoding="UTF-8"?>
<testsuite xmlns:xsi="http://www.w3.org/2001/XMLSchema-instance" xsi:noNamespaceSchemaLocation="https://maven.apache.org/surefire/maven-surefire-plugin/xsd/surefire-test-report-3.0.xsd" version="3.0" name="dev.allstak.spring.AutoInstrumentationIntegrationTest" time="6.312" tests="6" errors="0" skipped="0" failures="0">
  <properties>
[...]
</properties>
  <testcase name="webClient_isAutoInstrumented" classname="dev.allstak.spring.AutoInstrumentationIntegrationTest" time="1.561">
    <system-out><![CDATA[
  .   ____          _            __ _ _
 /\\ / ___'_ __ _ _(_)_ __  __ _ \ \ \ \
( ( )\___ | '_ | '_| | '_ \/ _` | \ \ \ \
 \\/  ___)| |_)| | | | | || (_| |  ) ) ) )
  '  |____| .__|_| |_|_| |_\__, | / / / /
 =========|_|==============|___/=/_/_/_/
 :: Spring Boot ::                (v3.2.4)

2026-04-11T06:56:30.436+03:00  INFO 19868 --- [           main] d.a.s.AutoInstrumentationIntegrationTest : Starting AutoInstrumentationIntegrationTest using Java 21.0.10 with PID 19868 (started by aalos in C:\Users\aalos\OneDrive\Desktop\MyProjects\AllStak-Projects\allstak-java-sdk\allstak-spring-boot-starter)
2026-04-11T06:56:30.439+03:00  INFO 19868 --- [           main] d.a.s.AutoInstrumentationIntegrationTest : No active profile set, falling back to 1 default profile: "default"
2026-04-11T06:56:31.209+03:00  WARN 19868 --- [           main] trationDelegate$BeanPostProcessorChecker : Bean 'dev.allstak.spring.AllStakAutoConfiguration' of type [dev.allstak.spring.AllStakAutoConfiguration] is not eligible for getting processed by all BeanPostProcessors (for example: not eligible for auto-proxying). The currently created BeanPostProcessor [allStakRestTemplatePostProcessor] is declared through a non-static factory method on that class; consider declaring it as static instead.
2026-04-11T06:56:31.240+03:00  WARN 19868 --- [           main] trationDelegate$BeanPostProcessorChecker : Bean 'allstak-dev.allstak.spring.AllStakProperties' of type [dev.allstak.spring.AllStakProperties] is not eligible for getting processed by all BeanPostProcessors (for example: not eligible for auto-proxying). Is this bean getting eagerly injected into a currently created BeanPostProcessor [allStakRestTemplatePostProcessor]? Check the corresponding BeanPostProcessor declaration and its dependencies.
2026-04-11T06:56:31.242+03:00  WARN 19868 --- [           main] trationDelegate$BeanPostProcessorChecker : Bean 'allStakConfig' of type [dev.allstak.AllStakConfig] is not eligible for getting processed by all BeanPostProcessors (for example: not eligible for auto-proxying). Is this bean getting eagerly injected into a currently created BeanPostProcessor [allStakRestTemplatePostProcessor]? Check the corresponding BeanPostProcessor declaration and its dependencies.
2026-04-11T06:56:31.244+03:00  WARN 19868 --- [           main] trationDelegate$BeanPostProcessorChecker : Bean 'autoInstrumentationIntegrationTest.WireMockTransportConfig' of type [dev.allstak.spring.AutoInstrumentationIntegrationTest$WireMockTransportConfig$$SpringCGLIB$$0] is not eligible for getting processed by all BeanPostProcessors (for example: not eligible for auto-proxying). Is this bean getting eagerly injected into a currently created BeanPostProcessor [allStakRestTemplatePostProcessor]? Check the corresponding BeanPostProcessor declaration and its dependencies.
2026-04-11T06:56:31.310+03:00  WARN 19868 --- [           main] trationDelegate$BeanPostProcessorChecker : Bean 'allStakHttpTransport' of type [dev.allstak.transport.HttpTransport] is not eligible for getting processed by all BeanPostProcessors (for example: not eligible for auto-proxying). Is this bean getting eagerly injected into a currently created BeanPostProcessor [allStakRestTemplatePostProcessor]? Check the corresponding BeanPostProcessor declaration and its dependencies.
2026-04-11T06:56:31.318+03:00  INFO 19868 --- [           main] dev.allstak.sdk                          : [AllStak SDK DEBUG] Flush worker started for 'logs' with 200ms interval
2026-04-11T06:56:31.321+03:00  INFO 19868 --- [           main] dev.allstak.sdk                          : [AllStak SDK DEBUG] Flush worker started for 'http-requests' with 200ms interval
2026-04-11T06:56:31.321+03:00  INFO 19868 --- [           main] dev.allstak.sdk                          : [AllStak SDK DEBUG] Flush worker started for 'db-queries' with 200ms interval
2026-04-11T06:56:31.321+03:00  INFO 19868 --- [           main] dev.allstak.sdk                          : [AllStak SDK DEBUG] AllStak SDK initialized — host=http://localhost:8080, env=auto-test, release=v1.0.0-auto
2026-04-11T06:56:31.323+03:00  INFO 19868 --- [           main] dev.allstak.sdk                          : [AllStak SDK DEBUG] AllStak client bean created and registered with static facade
2026-04-11T06:56:31.327+03:00  WARN 19868 --- [           main] trationDelegate$BeanPostProcessorChecker : Bean 'allStakClient' of type [dev.allstak.AllStakClient] is not eligible for getting processed by all BeanPostProcessors (for example: not eligible for auto-proxying). Is this bean getting eagerly injected into a currently created BeanPostProcessor [allStakRestTemplatePostProcessor]? Check the corresponding BeanPostProcessor declaration and its dependencies.
2026-04-11T06:56:31.331+03:00  WARN 19868 --- [           main] trationDelegate$BeanPostProcessorChecker : Bean 'allStakRestTemplateInterceptor' of type [dev.allstak.spring.AllStakRestTemplateInterceptor] is not eligible for getting processed by all BeanPostProcessors (for example: not eligible for auto-proxying). Is this bean getting eagerly injected into a currently created BeanPostProcessor [allStakRestTemplatePostProcessor]? Check the corresponding BeanPostProcessor declaration and its dependencies.
2026-04-11T06:56:31.509+03:00  INFO 19868 --- [           main] dev.allstak.sdk                          : [AllStak SDK DEBUG] AllStak attached outbound interceptor to RestTemplate bean '%s'
2026-04-11T06:56:32.019+03:00  INFO 19868 --- [           main] dev.allstak.sdk                          : [AllStak SDK DEBUG] AllStak wrapped @Scheduled methods on '%s'
2026-04-11T06:56:32.160+03:00  INFO 19868 --- [           main] dev.allstak.sdk                          : [AllStak SDK DEBUG] AllStak Logback appender registered
2026-04-11T06:56:32.252+03:00  INFO 19868 --- [           main] d.a.s.AutoInstrumentationIntegrationTest : Started AutoInstrumentationIntegrationTest in 2.098 seconds (process running for 4.263)
2026-04-11T06:56:32.516+03:00  INFO 19868 --- [   scheduling-1] dev.allstak.sdk                          : [AllStak SDK DEBUG] Sending to http://localhost:64128/ingest/v1/heartbeat: {"slug":"scheduled-hit-counter-tick","status":"success","durationMs":0}
2026-04-11T06:56:32.822+03:00  INFO 19868 --- [   scheduling-1] dev.allstak.sdk                          : [AllStak SDK DEBUG] Response from http://localhost:64128/ingest/v1/heartbeat: 202 {"success":true,"data":{"id":"test-uuid"}}
2026-04-11T06:56:32.824+03:00  INFO 19868 --- [   scheduling-1] dev.allstak.sdk                          : [AllStak SDK DEBUG] Sending to http://localhost:64128/ingest/v1/heartbeat: {"slug":"scheduled-hit-counter-boom","status":"failed","durationMs":0,"message":"scheduled boom"}
2026-04-11T06:56:32.832+03:00  INFO 19868 --- [   scheduling-1] dev.allstak.sdk                          : [AllStak SDK DEBUG] Response from http://localhost:64128/ingest/v1/heartbeat: 202 {"success":true,"data":{"id":"test-uuid"}}
2026-04-11T06:56:32.832+03:00 ERROR 19868 --- [   scheduling-1] o.s.s.s.TaskUtils$LoggingErrorHandler    : Unexpected error occurred in scheduled task

java.lang.IllegalStateException: scheduled boom
	at dev.allstak.spring.AutoInstrumentationIntegrationTest$ScheduledHitCounter.boom(AutoInstrumentationIntegrationTest.java:296) ~[test-classes/:na]
	at java.base/jdk.internal.reflect.DirectMethodHandleAccessor.invoke(DirectMethodHandleAccessor.java:103) ~[na:na]
	at java.base/java.lang.reflect.Method.invoke(Method.java:580) ~[na:na]
	at org.springframework.aop.support.AopUtils.invokeJoinpointUsingReflection(AopUtils.java:351) ~[spring-aop-6.1.5.jar:6.1.5]
	at org.springframework.aop.framework.ReflectiveMethodInvocation.invokeJoinpoint(ReflectiveMethodInvocation.java:196) ~[spring-aop-6.1.5.jar:6.1.5]
	at org.springframework.aop.framework.ReflectiveMethodInvocation.proceed(ReflectiveMethodInvocation.java:163) ~[spring-aop-6.1.5.jar:6.1.5]
	at org.springframework.aop.framework.CglibAopProxy$CglibMethodInvocation.proceed(CglibAopProxy.java:765) ~[spring-aop-6.1.5.jar:6.1.5]
	at dev.allstak.spring.AllStakScheduledPostProcessor.runWithHeartbeat(AllStakScheduledPostProcessor.java:95) ~[classes/:na]
	at dev.allstak.spring.AllStakScheduledPostProcessor.lambda$postProcessAfterInitialization$1(AllStakScheduledPostProcessor.java:82) ~[classes/:na]
	at org.springframework.aop.framework.ReflectiveMethodInvocation.proceed(ReflectiveMethodInvocation.java:184) ~[spring-aop-6.1.5.jar:6.1.5]
	at org.springframework.aop.framework.CglibAopProxy$CglibMethodInvocation.proceed(CglibAopProxy.java:765) ~[spring-aop-6.1.5.jar:6.1.5]
	at org.springframework.aop.framework.CglibAopProxy$DynamicAdvisedInterceptor.intercept(CglibAopProxy.java:717) ~[spring-aop-6.1.5.jar:6.1.5]
	at dev.allstak.spring.AutoInstrumentationIntegrationTest$ScheduledHitCounter$$SpringCGLIB$$0.boom(<generated>) ~[test-classes/:na]
	at java.base/jdk.internal.reflect.DirectMethodHandleAccessor.invoke(DirectMethodHandleAccessor.java:103) ~[na:na]
	at java.base/java.lang.reflect.Method.invoke(Method.java:580) ~[na:na]
	at org.springframework.scheduling.support.ScheduledMethodRunnable.runInternal(ScheduledMethodRunnable.java:130) ~[spring-context-6.1.5.jar:6.1.5]
	at org.springframework.scheduling.support.ScheduledMethodRunnable.lambda$run$2(ScheduledMethodRunnable.java:124) ~[spring-context-6.1.5.jar:6.1.5]
	at io.micrometer.observation.Observation.observe(Observation.java:499) ~[micrometer-observation-1.12.4.jar:1.12.4]
	at org.springframework.scheduling.support.ScheduledMethodRunnable.run(ScheduledMethodRunnable.java:124) ~[spring-context-6.1.5.jar:6.1.5]
	at org.springframework.scheduling.support.DelegatingErrorHandlingRunnable.run(DelegatingErrorHandlingRunnable.java:54) ~[spring-context-6.1.5.jar:6.1.5]
	at java.base/java.util.concurrent.Executors$RunnableAdapter.call(Executors.java:572) ~[na:na]
	at java.base/java.util.concurrent.FutureTask.runAndReset(FutureTask.java:358) ~[na:na]
	at java.base/java.util.concurrent.ScheduledThreadPoolExecutor$ScheduledFutureTask.run(ScheduledThreadPoolExecutor.java:305) ~[na:na]
	at java.base/java.util.concurrent.ThreadPoolExecutor.runWorker(ThreadPoolExecutor.java:1144) ~[na:na]
	at java.base/java.util.concurrent.ThreadPoolExecutor$Worker.run(ThreadPoolExecutor.java:642) ~[na:na]
	at java.base/java.lang.Thread.run(Thread.java:1583) ~[na:na]

2026-04-11T06:56:32.922+03:00  INFO 19868 --- [stak-flush-logs] dev.allstak.sdk                          : [AllStak SDK DEBUG] Flushing 1 logs item(s)
2026-04-11T06:56:32.926+03:00  INFO 19868 --- [stak-flush-logs] dev.allstak.sdk                          : [AllStak SDK DEBUG] Sending to http://localhost:64128/ingest/v1/logs: {"level":"error","message":"Unexpected error occurred in scheduled task\njava.lang.IllegalStateException: scheduled boom\n  at at dev.allstak.spring.AutoInstrumentationIntegrationTest$ScheduledHitCounter.boom(AutoInstrumentationIntegrationTest.java:296)\n  at at java.base/jdk.internal.reflect.DirectMethodHandleAccessor.invoke(DirectMethodHandleAccessor.java:103)\n  at at java.base/java.lang.reflect.Method.invoke(Method.java:580)\n  at at org.springframework.aop.support.AopUtils.invokeJoinpointUsingReflection(AopUtils.java:351)\n  at at org.springframework.aop.framework.ReflectiveMethodInvocation.invokeJoinpoint(ReflectiveMethodInvocation.java:196)\n  at at org.springframework.aop.framework.ReflectiveMethodInvocation.proceed(ReflectiveMethodInvocation.java:163)\n  at at org.springframework.aop.framework.CglibAopProxy$CglibMethodInvocation.proceed(CglibAopProxy.java:765)\n  at at dev.allstak.spring.AllStakScheduledPostProcessor.runWithHeartbeat(AllStakScheduledPostProcessor.java:95)\n  at at dev.allstak.spring.AllStakScheduledPostProcessor.lambda$postProcessAfterInitialization$1(AllStakScheduledPostProcessor.java:82)\n  at at org.springframework.aop.framework.ReflectiveMethodInvocation.proceed(ReflectiveMethodInvocation.java:184)\n  at at org.springframework.aop.framework.CglibAopProxy$CglibMethodInvocation.proceed(CglibAopProxy.java:765)\n  at at org.springframework.aop.framework.CglibAopProxy$DynamicAdvisedInterceptor.intercept(CglibAopProxy.java:717)\n  at at dev.allstak.spring.AutoInstrumentationIntegrationTest$ScheduledHitCounter$$SpringCGLIB$$0.boom(<generated>)\n  at at java.base/jdk.internal.reflect.DirectMethodHandleAccessor.invoke(DirectMethodHandleAccessor.java:103)\n  at at java.base/java.lang.reflect.Method.invoke(Method.java:580)\n  at at org.springframework.scheduling.support.ScheduledMethodRunnable.runInternal(ScheduledMethodRunnable.java:130)\n  at at org.springframework.scheduling.support.ScheduledMethodRunnable.lambda$run$2(ScheduledMethodRunnable.java:124)\n  at at io.micrometer.observation.Observation.observe(Observation.java:499)\n  at at org.springframework.scheduling.support.ScheduledMethodRunnable.run(ScheduledMethodRunnable.java:124)\n  at at org.springframework.scheduling.support.DelegatingErrorHandlingRunnable.run(DelegatingErrorHandlingRunnable.java:54)\n  at at java.base/java.util.concurrent.Executors$RunnableAdapter.call(Executors.java:572)\n  at at java.base/java.util.concurrent.FutureTask.runAndReset(FutureTask.java:358)\n  at at java.base/java.util.concurrent.ScheduledThreadPoolExecutor$ScheduledFutureTask.run(ScheduledThreadPoolExecutor.java:305)\n  at at java.base/java.util.concurrent.ThreadPoolExecutor.runWorker(ThreadPoolExecutor.java:1144)\n  at at java.base/java.util.concurrent.ThreadPoolExecutor$Worker.run(ThreadPoolExecutor.java:642)\n  at at java.base/java.lang.Thread.run(Thread.java:1583)","service":"auto-test","environment":"auto-test"}
2026-04-11T06:56:32.930+03:00  INFO 19868 --- [stak-flush-logs] dev.allstak.sdk                          : [AllStak SDK DEBUG] Response from http://localhost:64128/ingest/v1/logs: 202 {"success":true,"data":{"id":"test-uuid"}}
2026-04-11T06:56:33.326+03:00  INFO 19868 --- [   scheduling-1] dev.allstak.sdk                          : [AllStak SDK DEBUG] Sending to http://localhost:64128/ingest/v1/heartbeat: {"slug":"scheduled-hit-counter-tick","status":"success","durationMs":1}
2026-04-11T06:56:33.332+03:00  INFO 19868 --- [   scheduling-1] dev.allstak.sdk                          : [AllStak SDK DEBUG] Response from http://localhost:64128/ingest/v1/heartbeat: 202 {"success":true,"data":{"id":"test-uuid"}}
2026-04-11T06:56:33.340+03:00  INFO 19868 --- [   scheduling-1] dev.allstak.sdk                          : [AllStak SDK DEBUG] Sending to http://localhost:64128/ingest/v1/heartbeat: {"slug":"scheduled-hit-counter-boom","status":"failed","durationMs":0,"message":"scheduled boom"}
2026-04-11T06:56:33.344+03:00  INFO 19868 --- [   scheduling-1] dev.allstak.sdk                          : [AllStak SDK DEBUG] Response from http://localhost:64128/ingest/v1/heartbeat: 202 {"success":true,"data":{"id":"test-uuid"}}
2026-04-11T06:56:33.344+03:00 ERROR 19868 --- [   scheduling-1] o.s.s.s.TaskUtils$LoggingErrorHandler    : Unexpected error occurred in scheduled task

java.lang.IllegalStateException: scheduled boom
	at dev.allstak.spring.AutoInstrumentationIntegrationTest$ScheduledHitCounter.boom(AutoInstrumentationIntegrationTest.java:296) ~[test-classes/:na]
	at java.base/jdk.internal.reflect.DirectMethodHandleAccessor.invoke(DirectMethodHandleAccessor.java:103) ~[na:na]
	at java.base/java.lang.reflect.Method.invoke(Method.java:580) ~[na:na]
	at org.springframework.aop.support.AopUtils.invokeJoinpointUsingReflection(AopUtils.java:351) ~[spring-aop-6.1.5.jar:6.1.5]
	at org.springframework.aop.framework.ReflectiveMethodInvocation.invokeJoinpoint(ReflectiveMethodInvocation.java:196) ~[spring-aop-6.1.5.jar:6.1.5]
	at org.springframework.aop.framework.ReflectiveMethodInvocation.proceed(ReflectiveMethodInvocation.java:163) ~[spring-aop-6.1.5.jar:6.1.5]
	at org.springframework.aop.framework.CglibAopProxy$CglibMethodInvocation.proceed(CglibAopProxy.java:765) ~[spring-aop-6.1.5.jar:6.1.5]
	at dev.allstak.spring.AllStakScheduledPostProcessor.runWithHeartbeat(AllStakScheduledPostProcessor.java:95) ~[classes/:na]
	at dev.allstak.spring.AllStakScheduledPostProcessor.lambda$postProcessAfterInitialization$1(AllStakScheduledPostProcessor.java:82) ~[classes/:na]
	at org.springframework.aop.framework.ReflectiveMethodInvocation.proceed(ReflectiveMethodInvocation.java:184) ~[spring-aop-6.1.5.jar:6.1.5]
	at org.springframework.aop.framework.CglibAopProxy$CglibMethodInvocation.proceed(CglibAopProxy.java:765) ~[spring-aop-6.1.5.jar:6.1.5]
	at org.springframework.aop.framework.CglibAopProxy$DynamicAdvisedInterceptor.intercept(CglibAopProxy.java:717) ~[spring-aop-6.1.5.jar:6.1.5]
	at dev.allstak.spring.AutoInstrumentationIntegrationTest$ScheduledHitCounter$$SpringCGLIB$$0.boom(<generated>) ~[test-classes/:na]
	at java.base/jdk.internal.reflect.DirectMethodHandleAccessor.invoke(DirectMethodHandleAccessor.java:103) ~[na:na]
	at java.base/java.lang.reflect.Method.invoke(Method.java:580) ~[na:na]
	at org.springframework.scheduling.support.ScheduledMethodRunnable.runInternal(ScheduledMethodRunnable.java:130) ~[spring-context-6.1.5.jar:6.1.5]
	at org.springframework.scheduling.support.ScheduledMethodRunnable.lambda$run$2(ScheduledMethodRunnable.java:124) ~[spring-context-6.1.5.jar:6.1.5]
	at io.micrometer.observation.Observation.observe(Observation.java:499) ~[micrometer-observation-1.12.4.jar:1.12.4]
	at org.springframework.scheduling.support.ScheduledMethodRunnable.run(ScheduledMethodRunnable.java:124) ~[spring-context-6.1.5.jar:6.1.5]
	at org.springframework.scheduling.support.DelegatingErrorHandlingRunnable.run(DelegatingErrorHandlingRunnable.java:54) ~[spring-context-6.1.5.jar:6.1.5]
	at java.base/java.util.concurrent.Executors$RunnableAdapter.call(Executors.java:572) ~[na:na]
	at java.base/java.util.concurrent.FutureTask.runAndReset(FutureTask.java:358) ~[na:na]
	at java.base/java.util.concurrent.ScheduledThreadPoolExecutor$ScheduledFutureTask.run(ScheduledThreadPoolExecutor.java:305) ~[na:na]
	at java.base/java.util.concurrent.ThreadPoolExecutor.runWorker(ThreadPoolExecutor.java:1144) ~[na:na]
	at java.base/java.util.concurrent.ThreadPoolExecutor$Worker.run(ThreadPoolExecutor.java:642) ~[na:na]
	at java.base/java.lang.Thread.run(Thread.java:1583) ~[na:na]

2026-04-11T06:56:33.526+03:00  INFO 19868 --- [stak-flush-logs] dev.allstak.sdk                          : [AllStak SDK DEBUG] Flushing 1 logs item(s)
2026-04-11T06:56:33.526+03:00  INFO 19868 --- [stak-flush-logs] dev.allstak.sdk                          : [AllStak SDK DEBUG] Sending to http://localhost:64128/ingest/v1/logs: {"level":"error","message":"Unexpected error occurred in scheduled task\njava.lang.IllegalStateException: scheduled boom\n  at at dev.allstak.spring.AutoInstrumentationIntegrationTest$ScheduledHitCounter.boom(AutoInstrumentationIntegrationTest.java:296)\n  at at java.base/jdk.internal.reflect.DirectMethodHandleAccessor.invoke(DirectMethodHandleAccessor.java:103)\n  at at java.base/java.lang.reflect.Method.invoke(Method.java:580)\n  at at org.springframework.aop.support.AopUtils.invokeJoinpointUsingReflection(AopUtils.java:351)\n  at at org.springframework.aop.framework.ReflectiveMethodInvocation.invokeJoinpoint(ReflectiveMethodInvocation.java:196)\n  at at org.springframework.aop.framework.ReflectiveMethodInvocation.proceed(ReflectiveMethodInvocation.java:163)\n  at at org.springframework.aop.framework.CglibAopProxy$CglibMethodInvocation.proceed(CglibAopProxy.java:765)\n  at at dev.allstak.spring.AllStakScheduledPostProcessor.runWithHeartbeat(AllStakScheduledPostProcessor.java:95)\n  at at dev.allstak.spring.AllStakScheduledPostProcessor.lambda$postProcessAfterInitialization$1(AllStakScheduledPostProcessor.java:82)\n  at at org.springframework.aop.framework.ReflectiveMethodInvocation.proceed(ReflectiveMethodInvocation.java:184)\n  at at org.springframework.aop.framework.CglibAopProxy$CglibMethodInvocation.proceed(CglibAopProxy.java:765)\n  at at org.springframework.aop.framework.CglibAopProxy$DynamicAdvisedInterceptor.intercept(CglibAopProxy.java:717)\n  at at dev.allstak.spring.AutoInstrumentationIntegrationTest$ScheduledHitCounter$$SpringCGLIB$$0.boom(<generated>)\n  at at java.base/jdk.internal.reflect.DirectMethodHandleAccessor.invoke(DirectMethodHandleAccessor.java:103)\n  at at java.base/java.lang.reflect.Method.invoke(Method.java:580)\n  at at org.springframework.scheduling.support.ScheduledMethodRunnable.runInternal(ScheduledMethodRunnable.java:130)\n  at at org.springframework.scheduling.support.ScheduledMethodRunnable.lambda$run$2(ScheduledMethodRunnable.java:124)\n  at at io.micrometer.observation.Observation.observe(Observation.java:499)\n  at at org.springframework.scheduling.support.ScheduledMethodRunnable.run(ScheduledMethodRunnable.java:124)\n  at at org.springframework.scheduling.support.DelegatingErrorHandlingRunnable.run(DelegatingErrorHandlingRunnable.java:54)\n  at at java.base/java.util.concurrent.Executors$RunnableAdapter.call(Executors.java:572)\n  at at java.base/java.util.concurrent.FutureTask.runAndReset(FutureTask.java:358)\n  at at java.base/java.util.concurrent.ScheduledThreadPoolExecutor$ScheduledFutureTask.run(ScheduledThreadPoolExecutor.java:305)\n  at at java.base/java.util.concurrent.ThreadPoolExecutor.runWorker(ThreadPoolExecutor.java:1144)\n  at at java.base/java.util.concurrent.ThreadPoolExecutor$Worker.run(ThreadPoolExecutor.java:642)\n  at at java.base/java.lang.Thread.run(Thread.java:1583)","service":"auto-test","environment":"auto-test"}
2026-04-11T06:56:33.531+03:00  INFO 19868 --- [stak-flush-logs] dev.allstak.sdk                          : [AllStak SDK DEBUG] Response from http://localhost:64128/ingest/v1/logs: 202 {"success":true,"data":{"id":"test-uuid"}}
2026-04-11T06:56:33.725+03:00  INFO 19868 --- [h-http-requests] dev.allstak.sdk                          : [AllStak SDK DEBUG] Flushing 1 http-requests item(s)
2026-04-11T06:56:33.734+03:00  INFO 19868 --- [h-http-requests] dev.allstak.sdk                          : [AllStak SDK DEBUG] Sending to http://localhost:64128/ingest/v1/http-requests: {"requests":[{"traceId":"f70bf3f3-1988-418d-87b9-7e6ccef981d5","spanId":"18e4a005-988d-41","direction":"outbound","method":"GET","host":"localhost","path":"/hello","statusCode":200,"durationMs":310,"requestSize":0,"responseSize":0,"timestamp":"2026-04-11T03:56:33.592702600Z","environment":"auto-test","release":"v1.0.0-auto"}]}
2026-04-11T06:56:33.739+03:00  INFO 19868 --- [h-http-requests] dev.allstak.sdk                          : [AllStak SDK DEBUG] Response from http://localhost:64128/ingest/v1/http-requests: 202 {"success":true,"data":{"id":"test-uuid"}}
2026-04-11T06:56:33.834+03:00  INFO 19868 --- [   scheduling-1] dev.allstak.sdk                          : [AllStak SDK DEBUG] Sending to http://localhost:64128/ingest/v1/heartbeat: {"slug":"scheduled-hit-counter-tick","status":"success","durationMs":0}
2026-04-11T06:56:33.840+03:00  INFO 19868 --- [   scheduling-1] dev.allstak.sdk                          : [AllStak SDK DEBUG] Response from http://localhost:64128/ingest/v1/heartbeat: 202 {"success":true,"data":{"id":"test-uuid"}}
]]></system-out>
    <system-err><![CDATA[WARNING: A Java agent has been loaded dynamically (C:\Users\aalos\.m2\repository\net\bytebuddy\byte-buddy-agent\1.14.12\byte-buddy-agent-1.14.12.jar)
WARNING: If a serviceability tool is in use, please run with -XX:+EnableDynamicAgentLoading to hide this warning
WARNING: If a serviceability tool is not in use, please run with -Djdk.instrument.traceUsage for more information
WARNING: Dynamic loading of agents will be disallowed by default in a future release
]]></system-err>
  </testcase>
  <testcase name="scheduledMethod_failureEmitsFailedHeartbeatAndReraises" classname="dev.allstak.spring.AutoInstrumentationIntegrationTest" time="0.117">
    <system-out><![CDATA[2026-04-11T06:56:33.848+03:00  INFO 19868 --- [   scheduling-1] dev.allstak.sdk                          : [AllStak SDK DEBUG] Sending to http://localhost:64128/ingest/v1/heartbeat: {"slug":"scheduled-hit-counter-boom","status":"failed","durationMs":0,"message":"scheduled boom"}
2026-04-11T06:56:33.854+03:00  INFO 19868 --- [   scheduling-1] dev.allstak.sdk                          : [AllStak SDK DEBUG] Response from http://localhost:64128/ingest/v1/heartbeat: 202 {"success":true,"data":{"id":"test-uuid"}}
2026-04-11T06:56:33.855+03:00 ERROR 19868 --- [   scheduling-1] o.s.s.s.TaskUtils$LoggingErrorHandler    : Unexpected error occurred in scheduled task

java.lang.IllegalStateException: scheduled boom
	at dev.allstak.spring.AutoInstrumentationIntegrationTest$ScheduledHitCounter.boom(AutoInstrumentationIntegrationTest.java:296) ~[test-classes/:na]
	at java.base/jdk.internal.reflect.DirectMethodHandleAccessor.invoke(DirectMethodHandleAccessor.java:103) ~[na:na]
	at java.base/java.lang.reflect.Method.invoke(Method.java:580) ~[na:na]
	at org.springframework.aop.support.AopUtils.invokeJoinpointUsingReflection(AopUtils.java:351) ~[spring-aop-6.1.5.jar:6.1.5]
	at org.springframework.aop.framework.ReflectiveMethodInvocation.invokeJoinpoint(ReflectiveMethodInvocation.java:196) ~[spring-aop-6.1.5.jar:6.1.5]
	at org.springframework.aop.framework.ReflectiveMethodInvocation.proceed(ReflectiveMethodInvocation.java:163) ~[spring-aop-6.1.5.jar:6.1.5]
	at org.springframework.aop.framework.CglibAopProxy$CglibMethodInvocation.proceed(CglibAopProxy.java:765) ~[spring-aop-6.1.5.jar:6.1.5]
	at dev.allstak.spring.AllStakScheduledPostProcessor.runWithHeartbeat(AllStakScheduledPostProcessor.java:95) ~[classes/:na]
	at dev.allstak.spring.AllStakScheduledPostProcessor.lambda$postProcessAfterInitialization$1(AllStakScheduledPostProcessor.java:82) ~[classes/:na]
	at org.springframework.aop.framework.ReflectiveMethodInvocation.proceed(ReflectiveMethodInvocation.java:184) ~[spring-aop-6.1.5.jar:6.1.5]
	at org.springframework.aop.framework.CglibAopProxy$CglibMethodInvocation.proceed(CglibAopProxy.java:765) ~[spring-aop-6.1.5.jar:6.1.5]
	at org.springframework.aop.framework.CglibAopProxy$DynamicAdvisedInterceptor.intercept(CglibAopProxy.java:717) ~[spring-aop-6.1.5.jar:6.1.5]
	at dev.allstak.spring.AutoInstrumentationIntegrationTest$ScheduledHitCounter$$SpringCGLIB$$0.boom(<generated>) ~[test-classes/:na]
	at java.base/jdk.internal.reflect.DirectMethodHandleAccessor.invoke(DirectMethodHandleAccessor.java:103) ~[na:na]
	at java.base/java.lang.reflect.Method.invoke(Method.java:580) ~[na:na]
	at org.springframework.scheduling.support.ScheduledMethodRunnable.runInternal(ScheduledMethodRunnable.java:130) ~[spring-context-6.1.5.jar:6.1.5]
	at org.springframework.scheduling.support.ScheduledMethodRunnable.lambda$run$2(ScheduledMethodRunnable.java:124) ~[spring-context-6.1.5.jar:6.1.5]
	at io.micrometer.observation.Observation.observe(Observation.java:499) ~[micrometer-observation-1.12.4.jar:1.12.4]
	at org.springframework.scheduling.support.ScheduledMethodRunnable.run(ScheduledMethodRunnable.java:124) ~[spring-context-6.1.5.jar:6.1.5]
	at org.springframework.scheduling.support.DelegatingErrorHandlingRunnable.run(DelegatingErrorHandlingRunnable.java:54) ~[spring-context-6.1.5.jar:6.1.5]
	at java.base/java.util.concurrent.Executors$RunnableAdapter.call(Executors.java:572) ~[na:na]
	at java.base/java.util.concurrent.FutureTask.runAndReset(FutureTask.java:358) ~[na:na]
	at java.base/java.util.concurrent.ScheduledThreadPoolExecutor$ScheduledFutureTask.run(ScheduledThreadPoolExecutor.java:305) ~[na:na]
	at java.base/java.util.concurrent.ThreadPoolExecutor.runWorker(ThreadPoolExecutor.java:1144) ~[na:na]
	at java.base/java.util.concurrent.ThreadPoolExecutor$Worker.run(ThreadPoolExecutor.java:642) ~[na:na]
	at java.base/java.lang.Thread.run(Thread.java:1583) ~[na:na]

2026-04-11T06:56:33.926+03:00  INFO 19868 --- [stak-flush-logs] dev.allstak.sdk                          : [AllStak SDK DEBUG] Flushing 1 logs item(s)
2026-04-11T06:56:33.926+03:00  INFO 19868 --- [stak-flush-logs] dev.allstak.sdk                          : [AllStak SDK DEBUG] Sending to http://localhost:64128/ingest/v1/logs: {"level":"error","message":"Unexpected error occurred in scheduled task\njava.lang.IllegalStateException: scheduled boom\n  at at dev.allstak.spring.AutoInstrumentationIntegrationTest$ScheduledHitCounter.boom(AutoInstrumentationIntegrationTest.java:296)\n  at at java.base/jdk.internal.reflect.DirectMethodHandleAccessor.invoke(DirectMethodHandleAccessor.java:103)\n  at at java.base/java.lang.reflect.Method.invoke(Method.java:580)\n  at at org.springframework.aop.support.AopUtils.invokeJoinpointUsingReflection(AopUtils.java:351)\n  at at org.springframework.aop.framework.ReflectiveMethodInvocation.invokeJoinpoint(ReflectiveMethodInvocation.java:196)\n  at at org.springframework.aop.framework.ReflectiveMethodInvocation.proceed(ReflectiveMethodInvocation.java:163)\n  at at org.springframework.aop.framework.CglibAopProxy$CglibMethodInvocation.proceed(CglibAopProxy.java:765)\n  at at dev.allstak.spring.AllStakScheduledPostProcessor.runWithHeartbeat(AllStakScheduledPostProcessor.java:95)\n  at at dev.allstak.spring.AllStakScheduledPostProcessor.lambda$postProcessAfterInitialization$1(AllStakScheduledPostProcessor.java:82)\n  at at org.springframework.aop.framework.ReflectiveMethodInvocation.proceed(ReflectiveMethodInvocation.java:184)\n  at at org.springframework.aop.framework.CglibAopProxy$CglibMethodInvocation.proceed(CglibAopProxy.java:765)\n  at at org.springframework.aop.framework.CglibAopProxy$DynamicAdvisedInterceptor.intercept(CglibAopProxy.java:717)\n  at at dev.allstak.spring.AutoInstrumentationIntegrationTest$ScheduledHitCounter$$SpringCGLIB$$0.boom(<generated>)\n  at at java.base/jdk.internal.reflect.DirectMethodHandleAccessor.invoke(DirectMethodHandleAccessor.java:103)\n  at at java.base/java.lang.reflect.Method.invoke(Method.java:580)\n  at at org.springframework.scheduling.support.ScheduledMethodRunnable.runInternal(ScheduledMethodRunnable.java:130)\n  at at org.springframework.scheduling.support.ScheduledMethodRunnable.lambda$run$2(ScheduledMethodRunnable.java:124)\n  at at io.micrometer.observation.Observation.observe(Observation.java:499)\n  at at org.springframework.scheduling.support.ScheduledMethodRunnable.run(ScheduledMethodRunnable.java:124)\n  at at org.springframework.scheduling.support.DelegatingErrorHandlingRunnable.run(DelegatingErrorHandlingRunnable.java:54)\n  at at java.base/java.util.concurrent.Executors$RunnableAdapter.call(Executors.java:572)\n  at at java.base/java.util.concurrent.FutureTask.runAndReset(FutureTask.java:358)\n  at at java.base/java.util.concurrent.ScheduledThreadPoolExecutor$ScheduledFutureTask.run(ScheduledThreadPoolExecutor.java:305)\n  at at java.base/java.util.concurrent.ThreadPoolExecutor.runWorker(ThreadPoolExecutor.java:1144)\n  at at java.base/java.util.concurrent.ThreadPoolExecutor$Worker.run(ThreadPoolExecutor.java:642)\n  at at java.base/java.lang.Thread.run(Thread.java:1583)","service":"auto-test","environment":"auto-test"}
2026-04-11T06:56:33.932+03:00  INFO 19868 --- [stak-flush-logs] dev.allstak.sdk                          : [AllStak SDK DEBUG] Response from http://localhost:64128/ingest/v1/logs: 202 {"success":true,"data":{"id":"test-uuid"}}
]]></system-out>
  </testcase>
  <testcase name="webClient_failurePath_doesNotCrashAndStillRecords" classname="dev.allstak.spring.AutoInstrumentationIntegrationTest" time="0.257">
    <system-out><![CDATA[2026-04-11T06:56:34.127+03:00  INFO 19868 --- [h-http-requests] dev.allstak.sdk                          : [AllStak SDK DEBUG] Flushing 1 http-requests item(s)
2026-04-11T06:56:34.128+03:00  INFO 19868 --- [h-http-requests] dev.allstak.sdk                          : [AllStak SDK DEBUG] Sending to http://localhost:64128/ingest/v1/http-requests: {"requests":[{"traceId":"161d3907-d57e-43ce-a663-735b42739630","spanId":"a6136dde-dc21-4e","direction":"outbound","method":"GET","host":"127.0.0.1","path":"/definitely-not-listening","statusCode":0,"durationMs":13,"requestSize":0,"responseSize":0,"errorFingerprint":"org.springframework.web.reactive.function.client.WebClientRequestException","timestamp":"2026-04-11T03:56:33.980055800Z","environment":"auto-test","release":"v1.0.0-auto"}]}
2026-04-11T06:56:34.133+03:00  INFO 19868 --- [h-http-requests] dev.allstak.sdk                          : [AllStak SDK DEBUG] Response from http://localhost:64128/ingest/v1/http-requests: 202 {"success":true,"data":{"id":"test-uuid"}}
]]></system-out>
  </testcase>
  <testcase name="restTemplate_builderPath_isAutoInstrumented" classname="dev.allstak.spring.AutoInstrumentationIntegrationTest" time="0.137">
    <system-out><![CDATA[2026-04-11T06:56:34.328+03:00  INFO 19868 --- [h-http-requests] dev.allstak.sdk                          : [AllStak SDK DEBUG] Flushing 1 http-requests item(s)
2026-04-11T06:56:34.328+03:00  INFO 19868 --- [h-http-requests] dev.allstak.sdk                          : [AllStak SDK DEBUG] Sending to http://localhost:64128/ingest/v1/http-requests: {"requests":[{"traceId":"4682829c-d464-4dcf-95b5-b6c0b12c66ab","spanId":"61b46bc1-316e-4e","direction":"outbound","method":"GET","host":"localhost","path":"/hello","statusCode":200,"durationMs":15,"requestSize":0,"responseSize":0,"timestamp":"2026-04-11T03:56:34.253103300Z","environment":"auto-test","release":"v1.0.0-auto"}]}
2026-04-11T06:56:34.332+03:00  INFO 19868 --- [h-http-requests] dev.allstak.sdk                          : [AllStak SDK DEBUG] Response from http://localhost:64128/ingest/v1/http-requests: 202 {"success":true,"data":{"id":"test-uuid"}}
2026-04-11T06:56:34.344+03:00  INFO 19868 --- [   scheduling-1] dev.allstak.sdk                          : [AllStak SDK DEBUG] Sending to http://localhost:64128/ingest/v1/heartbeat: {"slug":"scheduled-hit-counter-tick","status":"success","durationMs":0}
2026-04-11T06:56:34.347+03:00  INFO 19868 --- [   scheduling-1] dev.allstak.sdk                          : [AllStak SDK DEBUG] Response from http://localhost:64128/ingest/v1/heartbeat: 202 {"success":true,"data":{"id":"test-uuid"}}
2026-04-11T06:56:34.358+03:00  INFO 19868 --- [   scheduling-1] dev.allstak.sdk                          : [AllStak SDK DEBUG] Sending to http://localhost:64128/ingest/v1/heartbeat: {"slug":"scheduled-hit-counter-boom","status":"failed","durationMs":0,"message":"scheduled boom"}
]]></system-out>
  </testcase>
  <testcase name="scheduledMethod_successEmitsHeartbeatAutomatically" classname="dev.allstak.spring.AutoInstrumentationIntegrationTest" time="0.552">
    <system-out><![CDATA[2026-04-11T06:56:34.364+03:00  INFO 19868 --- [   scheduling-1] dev.allstak.sdk                          : [AllStak SDK DEBUG] Response from http://localhost:64128/ingest/v1/heartbeat: 202 {"success":true,"data":{"id":"test-uuid"}}
2026-04-11T06:56:34.364+03:00 ERROR 19868 --- [   scheduling-1] o.s.s.s.TaskUtils$LoggingErrorHandler    : Unexpected error occurred in scheduled task

java.lang.IllegalStateException: scheduled boom
	at dev.allstak.spring.AutoInstrumentationIntegrationTest$ScheduledHitCounter.boom(AutoInstrumentationIntegrationTest.java:296) ~[test-classes/:na]
	at java.base/jdk.internal.reflect.DirectMethodHandleAccessor.invoke(DirectMethodHandleAccessor.java:103) ~[na:na]
	at java.base/java.lang.reflect.Method.invoke(Method.java:580) ~[na:na]
	at org.springframework.aop.support.AopUtils.invokeJoinpointUsingReflection(AopUtils.java:351) ~[spring-aop-6.1.5.jar:6.1.5]
	at org.springframework.aop.framework.ReflectiveMethodInvocation.invokeJoinpoint(ReflectiveMethodInvocation.java:196) ~[spring-aop-6.1.5.jar:6.1.5]
	at org.springframework.aop.framework.ReflectiveMethodInvocation.proceed(ReflectiveMethodInvocation.java:163) ~[spring-aop-6.1.5.jar:6.1.5]
	at org.springframework.aop.framework.CglibAopProxy$CglibMethodInvocation.proceed(CglibAopProxy.java:765) ~[spring-aop-6.1.5.jar:6.1.5]
	at dev.allstak.spring.AllStakScheduledPostProcessor.runWithHeartbeat(AllStakScheduledPostProcessor.java:95) ~[classes/:na]
	at dev.allstak.spring.AllStakScheduledPostProcessor.lambda$postProcessAfterInitialization$1(AllStakScheduledPostProcessor.java:82) ~[classes/:na]
	at org.springframework.aop.framework.ReflectiveMethodInvocation.proceed(ReflectiveMethodInvocation.java:184) ~[spring-aop-6.1.5.jar:6.1.5]
	at org.springframework.aop.framework.CglibAopProxy$CglibMethodInvocation.proceed(CglibAopProxy.java:765) ~[spring-aop-6.1.5.jar:6.1.5]
	at org.springframework.aop.framework.CglibAopProxy$DynamicAdvisedInterceptor.intercept(CglibAopProxy.java:717) ~[spring-aop-6.1.5.jar:6.1.5]
	at dev.allstak.spring.AutoInstrumentationIntegrationTest$ScheduledHitCounter$$SpringCGLIB$$0.boom(<generated>) ~[test-classes/:na]
	at java.base/jdk.internal.reflect.DirectMethodHandleAccessor.invoke(DirectMethodHandleAccessor.java:103) ~[na:na]
	at java.base/java.lang.reflect.Method.invoke(Method.java:580) ~[na:na]
	at org.springframework.scheduling.support.ScheduledMethodRunnable.runInternal(ScheduledMethodRunnable.java:130) ~[spring-context-6.1.5.jar:6.1.5]
	at org.springframework.scheduling.support.ScheduledMethodRunnable.lambda$run$2(ScheduledMethodRunnable.java:124) ~[spring-context-6.1.5.jar:6.1.5]
	at io.micrometer.observation.Observation.observe(Observation.java:499) ~[micrometer-observation-1.12.4.jar:1.12.4]
	at org.springframework.scheduling.support.ScheduledMethodRunnable.run(ScheduledMethodRunnable.java:124) ~[spring-context-6.1.5.jar:6.1.5]
	at org.springframework.scheduling.support.DelegatingErrorHandlingRunnable.run(DelegatingErrorHandlingRunnable.java:54) ~[spring-context-6.1.5.jar:6.1.5]
	at java.base/java.util.concurrent.Executors$RunnableAdapter.call(Executors.java:572) ~[na:na]
	at java.base/java.util.concurrent.FutureTask.runAndReset(FutureTask.java:358) ~[na:na]
	at java.base/java.util.concurrent.ScheduledThreadPoolExecutor$ScheduledFutureTask.run(ScheduledThreadPoolExecutor.java:305) ~[na:na]
	at java.base/java.util.concurrent.ThreadPoolExecutor.runWorker(ThreadPoolExecutor.java:1144) ~[na:na]
	at java.base/java.util.concurrent.ThreadPoolExecutor$Worker.run(ThreadPoolExecutor.java:642) ~[na:na]
	at java.base/java.lang.Thread.run(Thread.java:1583) ~[na:na]

2026-04-11T06:56:34.530+03:00  INFO 19868 --- [stak-flush-logs] dev.allstak.sdk                          : [AllStak SDK DEBUG] Flushing 1 logs item(s)
2026-04-11T06:56:34.530+03:00  INFO 19868 --- [stak-flush-logs] dev.allstak.sdk                          : [AllStak SDK DEBUG] Sending to http://localhost:64128/ingest/v1/logs: {"level":"error","message":"Unexpected error occurred in scheduled task\njava.lang.IllegalStateException: scheduled boom\n  at at dev.allstak.spring.AutoInstrumentationIntegrationTest$ScheduledHitCounter.boom(AutoInstrumentationIntegrationTest.java:296)\n  at at java.base/jdk.internal.reflect.DirectMethodHandleAccessor.invoke(DirectMethodHandleAccessor.java:103)\n  at at java.base/java.lang.reflect.Method.invoke(Method.java:580)\n  at at org.springframework.aop.support.AopUtils.invokeJoinpointUsingReflection(AopUtils.java:351)\n  at at org.springframework.aop.framework.ReflectiveMethodInvocation.invokeJoinpoint(ReflectiveMethodInvocation.java:196)\n  at at org.springframework.aop.framework.ReflectiveMethodInvocation.proceed(ReflectiveMethodInvocation.java:163)\n  at at org.springframework.aop.framework.CglibAopProxy$CglibMethodInvocation.proceed(CglibAopProxy.java:765)\n  at at dev.allstak.spring.AllStakScheduledPostProcessor.runWithHeartbeat(AllStakScheduledPostProcessor.java:95)\n  at at dev.allstak.spring.AllStakScheduledPostProcessor.lambda$postProcessAfterInitialization$1(AllStakScheduledPostProcessor.java:82)\n  at at org.springframework.aop.framework.ReflectiveMethodInvocation.proceed(ReflectiveMethodInvocation.java:184)\n  at at org.springframework.aop.framework.CglibAopProxy$CglibMethodInvocation.proceed(CglibAopProxy.java:765)\n  at at org.springframework.aop.framework.CglibAopProxy$DynamicAdvisedInterceptor.intercept(CglibAopProxy.java:717)\n  at at dev.allstak.spring.AutoInstrumentationIntegrationTest$ScheduledHitCounter$$SpringCGLIB$$0.boom(<generated>)\n  at at java.base/jdk.internal.reflect.DirectMethodHandleAccessor.invoke(DirectMethodHandleAccessor.java:103)\n  at at java.base/java.lang.reflect.Method.invoke(Method.java:580)\n  at at org.springframework.scheduling.support.ScheduledMethodRunnable.runInternal(ScheduledMethodRunnable.java:130)\n  at at org.springframework.scheduling.support.ScheduledMethodRunnable.lambda$run$2(ScheduledMethodRunnable.java:124)\n  at at io.micrometer.observation.Observation.observe(Observation.java:499)\n  at at org.springframework.scheduling.support.ScheduledMethodRunnable.run(ScheduledMethodRunnable.java:124)\n  at at org.springframework.scheduling.support.DelegatingErrorHandlingRunnable.run(DelegatingErrorHandlingRunnable.java:54)\n  at at java.base/java.util.concurrent.Executors$RunnableAdapter.call(Executors.java:572)\n  at at java.base/java.util.concurrent.FutureTask.runAndReset(FutureTask.java:358)\n  at at java.base/java.util.concurrent.ScheduledThreadPoolExecutor$ScheduledFutureTask.run(ScheduledThreadPoolExecutor.java:305)\n  at at java.base/java.util.concurrent.ThreadPoolExecutor.runWorker(ThreadPoolExecutor.java:1144)\n  at at java.base/java.util.concurrent.ThreadPoolExecutor$Worker.run(ThreadPoolExecutor.java:642)\n  at at java.base/java.lang.Thread.run(Thread.java:1583)","service":"auto-test","environment":"auto-test"}
2026-04-11T06:56:34.535+03:00  INFO 19868 --- [stak-flush-logs] dev.allstak.sdk                          : [AllStak SDK DEBUG] Response from http://localhost:64128/ingest/v1/logs: 202 {"success":true,"data":{"id":"test-uuid"}}
2026-04-11T06:56:34.850+03:00  INFO 19868 --- [   scheduling-1] dev.allstak.sdk                          : [AllStak SDK DEBUG] Sending to http://localhost:64128/ingest/v1/heartbeat: {"slug":"scheduled-hit-counter-tick","status":"success","durationMs":0}
2026-04-11T06:56:34.855+03:00  INFO 19868 --- [   scheduling-1] dev.allstak.sdk                          : [AllStak SDK DEBUG] Response from http://localhost:64128/ingest/v1/heartbeat: 202 {"success":true,"data":{"id":"test-uuid"}}
2026-04-11T06:56:34.867+03:00  INFO 19868 --- [   scheduling-1] dev.allstak.sdk                          : [AllStak SDK DEBUG] Sending to http://localhost:64128/ingest/v1/heartbeat: {"slug":"scheduled-hit-counter-boom","status":"failed","durationMs":1,"message":"scheduled boom"}
2026-04-11T06:56:34.871+03:00  INFO 19868 --- [   scheduling-1] dev.allstak.sdk                          : [AllStak SDK DEBUG] Response from http://localhost:64128/ingest/v1/heartbeat: 202 {"success":true,"data":{"id":"test-uuid"}}
2026-04-11T06:56:34.872+03:00 ERROR 19868 --- [   scheduling-1] o.s.s.s.TaskUtils$LoggingErrorHandler    : Unexpected error occurred in scheduled task

java.lang.IllegalStateException: scheduled boom
	at dev.allstak.spring.AutoInstrumentationIntegrationTest$ScheduledHitCounter.boom(AutoInstrumentationIntegrationTest.java:296) ~[test-classes/:na]
	at java.base/jdk.internal.reflect.DirectMethodHandleAccessor.invoke(DirectMethodHandleAccessor.java:103) ~[na:na]
	at java.base/java.lang.reflect.Method.invoke(Method.java:580) ~[na:na]
	at org.springframework.aop.support.AopUtils.invokeJoinpointUsingReflection(AopUtils.java:351) ~[spring-aop-6.1.5.jar:6.1.5]
	at org.springframework.aop.framework.ReflectiveMethodInvocation.invokeJoinpoint(ReflectiveMethodInvocation.java:196) ~[spring-aop-6.1.5.jar:6.1.5]
	at org.springframework.aop.framework.ReflectiveMethodInvocation.proceed(ReflectiveMethodInvocation.java:163) ~[spring-aop-6.1.5.jar:6.1.5]
	at org.springframework.aop.framework.CglibAopProxy$CglibMethodInvocation.proceed(CglibAopProxy.java:765) ~[spring-aop-6.1.5.jar:6.1.5]
	at dev.allstak.spring.AllStakScheduledPostProcessor.runWithHeartbeat(AllStakScheduledPostProcessor.java:95) ~[classes/:na]
	at dev.allstak.spring.AllStakScheduledPostProcessor.lambda$postProcessAfterInitialization$1(AllStakScheduledPostProcessor.java:82) ~[classes/:na]
	at org.springframework.aop.framework.ReflectiveMethodInvocation.proceed(ReflectiveMethodInvocation.java:184) ~[spring-aop-6.1.5.jar:6.1.5]
	at org.springframework.aop.framework.CglibAopProxy$CglibMethodInvocation.proceed(CglibAopProxy.java:765) ~[spring-aop-6.1.5.jar:6.1.5]
	at org.springframework.aop.framework.CglibAopProxy$DynamicAdvisedInterceptor.intercept(CglibAopProxy.java:717) ~[spring-aop-6.1.5.jar:6.1.5]
	at dev.allstak.spring.AutoInstrumentationIntegrationTest$ScheduledHitCounter$$SpringCGLIB$$0.boom(<generated>) ~[test-classes/:na]
	at java.base/jdk.internal.reflect.DirectMethodHandleAccessor.invoke(DirectMethodHandleAccessor.java:103) ~[na:na]
	at java.base/java.lang.reflect.Method.invoke(Method.java:580) ~[na:na]
	at org.springframework.scheduling.support.ScheduledMethodRunnable.runInternal(ScheduledMethodRunnable.java:130) ~[spring-context-6.1.5.jar:6.1.5]
	at org.springframework.scheduling.support.ScheduledMethodRunnable.lambda$run$2(ScheduledMethodRunnable.java:124) ~[spring-context-6.1.5.jar:6.1.5]
	at io.micrometer.observation.Observation.observe(Observation.java:499) ~[micrometer-observation-1.12.4.jar:1.12.4]
	at org.springframework.scheduling.support.ScheduledMethodRunnable.run(ScheduledMethodRunnable.java:124) ~[spring-context-6.1.5.jar:6.1.5]
	at org.springframework.scheduling.support.DelegatingErrorHandlingRunnable.run(DelegatingErrorHandlingRunnable.java:54) ~[spring-context-6.1.5.jar:6.1.5]
	at java.base/java.util.concurrent.Executors$RunnableAdapter.call(Executors.java:572) ~[na:na]
	at java.base/java.util.concurrent.FutureTask.runAndReset(FutureTask.java:358) ~[na:na]
	at java.base/java.util.concurrent.ScheduledThreadPoolExecutor$ScheduledFutureTask.run(ScheduledThreadPoolExecutor.java:305) ~[na:na]
	at java.base/java.util.concurrent.ThreadPoolExecutor.runWorker(ThreadPoolExecutor.java:1144) ~[na:na]
	at java.base/java.util.concurrent.ThreadPoolExecutor$Worker.run(ThreadPoolExecutor.java:642) ~[na:na]
	at java.base/java.lang.Thread.run(Thread.java:1583) ~[na:na]

]]></system-out>
  </testcase>
  <testcase name="restTemplate_directConstructionPath_isAutoInstrumented" classname="dev.allstak.spring.AutoInstrumentationIntegrationTest" time="0.123">
    <system-out><![CDATA[2026-04-11T06:56:34.929+03:00  INFO 19868 --- [stak-flush-logs] dev.allstak.sdk                          : [AllStak SDK DEBUG] Flushing 1 logs item(s)
2026-04-11T06:56:34.929+03:00  INFO 19868 --- [h-http-requests] dev.allstak.sdk                          : [AllStak SDK DEBUG] Flushing 1 http-requests item(s)
2026-04-11T06:56:34.930+03:00  INFO 19868 --- [h-http-requests] dev.allstak.sdk                          : [AllStak SDK DEBUG] Sending to http://localhost:64128/ingest/v1/http-requests: {"requests":[{"traceId":"6461db92-7b2a-4639-80b8-c76411391acb","spanId":"5e402a64-4c44-4c","direction":"outbound","method":"GET","host":"localhost","path":"/hello","statusCode":200,"durationMs":3,"requestSize":0,"responseSize":0,"timestamp":"2026-04-11T03:56:34.924662200Z","environment":"auto-test","release":"v1.0.0-auto"}]}
2026-04-11T06:56:34.930+03:00  INFO 19868 --- [stak-flush-logs] dev.allstak.sdk                          : [AllStak SDK DEBUG] Sending to http://localhost:64128/ingest/v1/logs: {"level":"error","message":"Unexpected error occurred in scheduled task\njava.lang.IllegalStateException: scheduled boom\n  at at dev.allstak.spring.AutoInstrumentationIntegrationTest$ScheduledHitCounter.boom(AutoInstrumentationIntegrationTest.java:296)\n  at at java.base/jdk.internal.reflect.DirectMethodHandleAccessor.invoke(DirectMethodHandleAccessor.java:103)\n  at at java.base/java.lang.reflect.Method.invoke(Method.java:580)\n  at at org.springframework.aop.support.AopUtils.invokeJoinpointUsingReflection(AopUtils.java:351)\n  at at org.springframework.aop.framework.ReflectiveMethodInvocation.invokeJoinpoint(ReflectiveMethodInvocation.java:196)\n  at at org.springframework.aop.framework.ReflectiveMethodInvocation.proceed(ReflectiveMethodInvocation.java:163)\n  at at org.springframework.aop.framework.CglibAopProxy$CglibMethodInvocation.proceed(CglibAopProxy.java:765)\n  at at dev.allstak.spring.AllStakScheduledPostProcessor.runWithHeartbeat(AllStakScheduledPostProcessor.java:95)\n  at at dev.allstak.spring.AllStakScheduledPostProcessor.lambda$postProcessAfterInitialization$1(AllStakScheduledPostProcessor.java:82)\n  at at org.springframework.aop.framework.ReflectiveMethodInvocation.proceed(ReflectiveMethodInvocation.java:184)\n  at at org.springframework.aop.framework.CglibAopProxy$CglibMethodInvocation.proceed(CglibAopProxy.java:765)\n  at at org.springframework.aop.framework.CglibAopProxy$DynamicAdvisedInterceptor.intercept(CglibAopProxy.java:717)\n  at at dev.allstak.spring.AutoInstrumentationIntegrationTest$ScheduledHitCounter$$SpringCGLIB$$0.boom(<generated>)\n  at at java.base/jdk.internal.reflect.DirectMethodHandleAccessor.invoke(DirectMethodHandleAccessor.java:103)\n  at at java.base/java.lang.reflect.Method.invoke(Method.java:580)\n  at at org.springframework.scheduling.support.ScheduledMethodRunnable.runInternal(ScheduledMethodRunnable.java:130)\n  at at org.springframework.scheduling.support.ScheduledMethodRunnable.lambda$run$2(ScheduledMethodRunnable.java:124)\n  at at io.micrometer.observation.Observation.observe(Observation.java:499)\n  at at org.springframework.scheduling.support.ScheduledMethodRunnable.run(ScheduledMethodRunnable.java:124)\n  at at org.springframework.scheduling.support.DelegatingErrorHandlingRunnable.run(DelegatingErrorHandlingRunnable.java:54)\n  at at java.base/java.util.concurrent.Executors$RunnableAdapter.call(Executors.java:572)\n  at at java.base/java.util.concurrent.FutureTask.runAndReset(FutureTask.java:358)\n  at at java.base/java.util.concurrent.ScheduledThreadPoolExecutor$ScheduledFutureTask.run(ScheduledThreadPoolExecutor.java:305)\n  at at java.base/java.util.concurrent.ThreadPoolExecutor.runWorker(ThreadPoolExecutor.java:1144)\n  at at java.base/java.util.concurrent.ThreadPoolExecutor$Worker.run(ThreadPoolExecutor.java:642)\n  at at java.base/java.lang.Thread.run(Thread.java:1583)","service":"auto-test","environment":"auto-test"}
2026-04-11T06:56:34.934+03:00  INFO 19868 --- [stak-flush-logs] dev.allstak.sdk                          : [AllStak SDK DEBUG] Response from http://localhost:64128/ingest/v1/logs: 202 {"success":true,"data":{"id":"test-uuid"}}
2026-04-11T06:56:34.934+03:00  INFO 19868 --- [h-http-requests] dev.allstak.sdk                          : [AllStak SDK DEBUG] Response from http://localhost:64128/ingest/v1/http-requests: 202 {"success":true,"data":{"id":"test-uuid"}}
]]></system-out>
  </testcase>
</testsuite>